This is pdfTeX, Version 3.14159265-2.6-1.40.21 (TeX Live 2020/W32TeX) (preloaded format=pdflatex 2020.8.17)  24 AUG 2020 18:59
entering extended mode
 restricted \write18 enabled.
 file:line:error style messages enabled.
 %&-line parsing enabled.
**"c:/Users/dougl/Documents/GitHub/a5rhu/Trabalho - teste/main-texto-completo"
(c:/Users/dougl/Documents/GitHub/a5rhu/Trabalho - teste/main-texto-completo.tex
LaTeX2e <2020-02-02> patch level 5
L3 programming layer <2020-08-07> (./ifsp-spo-inf-ctds.cls
Document Class: ifsp-spo-inf-ctds 2017/07/02 v1.0 Modelo TADS
(./ifsp-spo-inf.cls
Document Class: ifsp-spo-inf 2017/07/02 v1.0 Modelo dos cursos de Informatica do IFSP Campus SPO baseado em abnTeX2
(./ifsp-spo.cls
Document Class: ifsp-spo 2016/03/01 v1.0 Modelo do IFSP Campus SPO baseado em abnTeX2
(./ifsp.cls
Document Class: ifsp 2017/07/02 v2.0 Modelo do IFSP baseado em abnTeX2
(c:/texlive/2020/texmf-dist/tex/latex/base/ifthen.sty
Package: ifthen 2014/09/29 v1.1c Standard LaTeX ifthen package (DPC)
) (c:/texlive/2020/texmf-dist/tex/latex/oberdiek/ifdraft.sty
Package: ifdraft 2016/05/16 v1.4 Detect class options draft and final (HO)
) (c:/texlive/2020/texmf-dist/tex/latex/abntex2/abntex2.cls
Document Class: abntex2 2018/11/24 v-1.9.7 abnTeX2
(c:/texlive/2020/texmf-dist/tex/latex/memoir/memoir.cls
Document Class: memoir 2020/06/02 v3.7l configurable book, report, article document class
\onelineskip=\skip47
\lxvchars=\skip48
\xlvchars=\skip49
\@memcnta=\count168
\c@@memmarkcntra=\count169
LaTeX Info: Redefining \InputIfFileExists on input line 140.
(c:/texlive/2020/texmf-dist/tex/generic/iftex/iftex.sty
Package: iftex 2020/03/06 v1.0d TeX engine tests
)
\stockheight=\skip50
\stockwidth=\skip51
\trimtop=\skip52
\trimedge=\skip53
 (c:/texlive/2020/texmf-dist/tex/latex/memoir/mem12.clo
File: mem12.clo 2010/10/19 v0.4b memoir class 12pt size option
)
\binding=\skip54
\spinemargin=\skip55
\foremargin=\skip56
\uppermargin=\skip57
\lowermargin=\skip58
\headdrop=\skip59
\normalrulethickness=\skip60
\mem@maxheadheight=\skip61
\mem@maxfootheight=\skip62
\headwidth=\skip63
\c@storedpagenumber=\count170
\memPD=\dimen134
\m@mabparskip=\skip64
\thanksmarkwidth=\skip65
\thanksmarksep=\skip66
\droptitle=\skip67
\c@book=\count171
\c@part=\count172
\c@chapter=\count173
\c@section=\count174
\c@subsection=\count175
\c@subsubsection=\count176
\c@paragraph=\count177
\c@subparagraph=\count178
\beforechapskip=\skip68
\midchapskip=\skip69
\afterchapskip=\skip70
\chapindent=\skip71
\bottomsectionskip=\skip72
\secindent=\skip73
\beforesecskip=\skip74
\aftersecskip=\skip75
\subsecindent=\skip76
\beforesubsecskip=\skip77
\aftersubsecskip=\skip78
\subsubsecindent=\skip79
\beforesubsubsecskip=\skip80
\aftersubsubsecskip=\skip81
\paraindent=\skip82
\beforeparaskip=\skip83
\afterparaskip=\skip84
\subparaindent=\skip85
\beforesubparaskip=\skip86
\aftersubparaskip=\skip87
\pfbreakskip=\skip88
\c@@ppsavesec=\count179
\c@@ppsaveapp=\count180
\ragrparindent=\dimen135
\everylistparindent=\dimen136
\parsepi=\skip89
\topsepi=\skip90
\itemsepi=\skip91
\parsepii=\skip92
\topsepii=\skip93
\topsepiii=\skip94
\itemsepii=\skip95
\itemsepiii=\skip96
\partopsepii=\skip97
\partopsepiii=\skip98
\m@msavetopsep=\skip99
\m@msavepartopsep=\skip100
\@enLab=\toks15
\abstitleskip=\skip101
\absleftindent=\skip102
\abs@leftindent=\dimen137
\absrightindent=\skip103
\absparindent=\skip104
\absparsep=\skip105
\c@vslineno=\count181
\c@poemline=\count182
\c@modulo@vs=\count183
\c@memfvsline=\count184
\vleftskip=\skip106
\vrightskip=\skip107
\stanzaskip=\skip108
\versewidth=\skip109
\vgap=\skip110
\vindent=\skip111
\vleftmargin=\dimen138
\c@verse=\count185
\c@chrsinstr=\count186
\beforepoemtitleskip=\skip112
\afterpoemtitleskip=\skip113
\c@poem=\count187
\beforePoemTitleskip=\skip114
\midPoemTitleskip=\skip115
\afterPoemTitleskip=\skip116
 (c:/texlive/2020/texmf-dist/tex/latex/tools/array.sty
Package: array 2019/08/31 v2.4l Tabular extension package (FMi)
\col@sep=\dimen139
\ar@mcellbox=\box45
\extrarowheight=\dimen140
\NC@list=\toks16
\extratabsurround=\skip117
\backup@length=\skip118
\ar@cellbox=\box46
) (c:/texlive/2020/texmf-dist/tex/latex/tools/dcolumn.sty
Package: dcolumn 2014/10/28 v1.06 decimal alignment package (DPC)
) (c:/texlive/2020/texmf-dist/tex/latex/tools/delarray.sty
Package: delarray 2014/10/28 v1.01 array delimiter package (DPC)
) (c:/texlive/2020/texmf-dist/tex/latex/tools/tabularx.sty
Package: tabularx 2020/01/15 v2.11c `tabularx' package (DPC)
\TX@col@width=\dimen141
\TX@old@table=\dimen142
\TX@old@col=\dimen143
\TX@target=\dimen144
\TX@delta=\dimen145
\TX@cols=\count188
\TX@ftn=\toks17
)
\heavyrulewidth=\dimen146
\lightrulewidth=\dimen147
\cmidrulewidth=\dimen148
\belowrulesep=\dimen149
\belowbottomsep=\dimen150
\aboverulesep=\dimen151
\abovetopsep=\dimen152
\cmidrulesep=\dimen153
\cmidrulekern=\dimen154
\defaultaddspace=\dimen155
\@cmidla=\count189
\@cmidlb=\count190
\@aboverulesep=\dimen156
\@belowrulesep=\dimen157
\@thisruleclass=\count191
\@lastruleclass=\count192
\@thisrulewidth=\dimen158
\ctableftskip=\skip119
\ctabrightskip=\skip120
\abovecolumnspenalty=\count193
\@linestogo=\count194
\@cellstogo=\count195
\@cellsincolumn=\count196
\crtok=\toks18
\@mincolumnwidth=\dimen159
\c@newflo@tctr=\count197
\mem@margin@floatbox=\box47
\@contcwidth=\skip121
\@contindw=\skip122
\abovecaptionskip=\skip123
\belowcaptionskip=\skip124
\subfloattopskip=\skip125
\subfloatcapskip=\skip126
\subfloatcaptopadj=\skip127
\subfloatbottomskip=\skip128
\subfloatlabelskip=\skip129
\subfloatcapmargin=\dimen160
\c@@contsubnum=\count198
\m@mscap@capbox=\box48
\m@mscap@fbox=\box49
\sidecapsep=\dimen161
\sidecapwidth=\dimen162
\m@m@tempdima=\dimen163
\m@mscapraise=\dimen164
\sidecapraise=\dimen165
\m@mscapmainwidth=\dimen166
\m@mscaplkern=\dimen167
\beforeepigraphskip=\skip130
\afterepigraphskip=\skip131
\epigraphwidth=\skip132
\epigraphrule=\skip133
LaTeX Info: Redefining \em on input line 7664.
LaTeX Info: Redefining \emph on input line 7672.
\tocentryskip=\skip134
\tocbaseline=\skip135
\cftparskip=\skip136
\cftbeforebookskip=\skip137
\cftbookindent=\dimen168
\cftbooknumwidth=\dimen169
\cftbeforepartskip=\skip138
\cftpartindent=\skip139
\cftpartnumwidth=\skip140
\cftbeforechapterskip=\skip141
\cftchapterindent=\skip142
\cftchapternumwidth=\skip143
\cftbeforesectionskip=\skip144
\cftsectionindent=\skip145
\cftsectionnumwidth=\skip146
\cftbeforesubsectionskip=\skip147
\cftsubsectionindent=\skip148
\cftsubsectionnumwidth=\skip149
\cftbeforesubsubsectionskip=\skip150
\cftsubsubsectionindent=\skip151
\cftsubsubsectionnumwidth=\skip152
\cftbeforeparagraphskip=\skip153
\cftparagraphindent=\skip154
\cftparagraphnumwidth=\skip155
\cftbeforesubparagraphskip=\skip156
\cftsubparagraphindent=\skip157
\cftsubparagraphnumwidth=\skip158
\prechapterprecisshift=\dimen170
\c@maxsecnumdepth=\count199
\bibindent=\dimen171
\bibitemsep=\skip159
\indexcolsep=\skip160
\indexrule=\skip161
\indexmarkstyle=\toks19
\@indexbox=\insert252
\glossarycolsep=\dimen172
\glossaryrule=\dimen173
\sideparvshift=\skip162
\sideins=\insert251
\sidebartopsep=\skip163
\sidebarhsep=\skip164
\sidebarvsep=\skip165
\sidebarwidth=\skip166
\footmarkwidth=\skip167
\footmarksep=\skip168
\footparindent=\skip169
\footinsdim=\skip170
\footinsv@r=\insert250
\@mpfootinsv@r=\insert249
\m@m@k=\count266
\m@m@h=\dimen174
\m@mipn@skip=\skip171
\sidefootins=\insert248
\sidefootadjust=\skip172
\sidefootheight=\skip173
\sidefoothsep=\skip174
\sidefootvsep=\skip175
\sidefootwidth=\skip176
\m@mdownsf=\skip177
\c@sidefootnote=\count267
\sidefootmarkwidth=\skip178
\sidefootmarksep=\skip179
\sidefootparindent=\skip180
\c@pagenote=\count268
\c@pagenoteshadow=\count269
\mem@pn@lastkern=\skip181
\every@verbatim=\toks20
\afterevery@verbatim=\toks21
\verbatim@line=\toks22
\tab@position=\count270
\verbatim@in@stream=\read2
\verbatimindent=\skip182
\verbatim@out=\write3
\bvboxsep=\skip183
\c@memfbvline=\count271
\c@bvlinectr=\count272
\bvnumlength=\skip184
\fb@frw=\dimen175
\fb@frh=\dimen176
\FrameRule=\dimen177
\FrameSep=\dimen178
\c@cp@cntr=\count273
LaTeX Info: Redefining \: on input line 12199.
LaTeX Info: Redefining \! on input line 12199.
\c@ism@mctr=\count274
\c@xsm@mctr=\count275
\c@csm@mctr=\count276
\c@ksm@mctr=\count277
\c@xksm@mctr=\count278
\c@cksm@mctr=\count279
\c@msm@mctr=\count280
\c@xmsm@mctr=\count281
\c@cmsm@mctr=\count282
\c@bsm@mctr=\count283
\c@workm@mctr=\count284
\c@sheetsequence=\count285
\c@lastsheet=\count286
\c@lastpage=\count287
 (c:/texlive/2020/texmf-dist/tex/latex/textcase/textcase.sty
Package: textcase 2019/09/14 v1.00 Text only upper/lower case changing (DPC)
)
\c@figure=\count288
\c@lofdepth=\count289
\cftbeforefigureskip=\skip185
\cftfigureindent=\skip186
\cftfigurenumwidth=\skip187
\c@table=\count290
\c@lotdepth=\count291
\cftbeforetableskip=\skip188
\cfttableindent=\skip189
\cfttablenumwidth=\skip190
Package abstract [2008/07/23] emulated by memoir.
Package appendix [2008/07/23] emulated by memoir.
Package booktabs [2016/05/16] emulated by memoir.
Package ccaption [2008/07/23] emulated by memoir.
Package changepage [2008/07/23] emulated by memoir.
Package chngcntr [2008/07/23] emulated by memoir.
Package chngpage [2008/07/23] emulated by memoir.
Package crop emulated by memoir.
Package enumerate [2008/07/23] emulated by memoir.
Package epigraph [2008/07/23] emulated by memoir.
Package ifmtarg [2008/07/23] emulated by memoir.
Package index [2008/07/23] emulated by memoir.
Package makeidx [2008/07/23] emulated by memoir.
Package moreverb [2008/07/23] emulated by memoir.
Package mparhack [2008/07/23] emulated by memoir.
Package needspace [2008/07/23] emulated by memoir.
Package newfile [2008/07/23] emulated by memoir.
Package nextpage [2008/07/23] emulated by memoir.
Package pagenote [2008/07/23] emulated by memoir.
Package parskip [2008/07/23] emulated by memoir.
Package patchcmd [2008/07/23] emulated by memoir.
Package setspace [2008/07/23] emulated by memoir.
Package shortvrb [2008/07/23] emulated by memoir.
Package showidx [2008/07/23] emulated by memoir.
Package titleref [2008/07/23] emulated by memoir.
Package titling [2008/07/23] emulated by memoir.
Package tocbibind [2008/07/23] emulated by memoir.
Package tocloft [2008/07/23] emulated by memoir.
Package tocvsec2 [2008/07/23] emulated by memoir.
Package verbatim [2008/07/23] emulated by memoir.
Package verse [2008/07/23] emulated by memoir.
) (c:/texlive/2020/texmf-dist/tex/latex/hyperref/hyperref.sty
Package: hyperref 2020-05-15 v7.00e Hypertext links for LaTeX
 (c:/texlive/2020/texmf-dist/tex/generic/ltxcmds/ltxcmds.sty
Package: ltxcmds 2019/12/15 v1.24 LaTeX kernel commands for general use (HO)
) (c:/texlive/2020/texmf-dist/tex/generic/pdftexcmds/pdftexcmds.sty
Package: pdftexcmds 2020-06-27 v0.33 Utility functions of pdfTeX for LuaTeX (HO)
 (c:/texlive/2020/texmf-dist/tex/generic/infwarerr/infwarerr.sty
Package: infwarerr 2019/12/03 v1.5 Providing info/warning/error messages (HO)
)
Package pdftexcmds Info: \pdf@primitive is available.
Package pdftexcmds Info: \pdf@ifprimitive is available.
Package pdftexcmds Info: \pdfdraftmode found.
) (c:/texlive/2020/texmf-dist/tex/latex/graphics/keyval.sty
Package: keyval 2014/10/28 v1.15 key=value parser (DPC)
\KV@toks@=\toks23
) (c:/texlive/2020/texmf-dist/tex/generic/kvsetkeys/kvsetkeys.sty
Package: kvsetkeys 2019/12/15 v1.18 Key value parser (HO)
) (c:/texlive/2020/texmf-dist/tex/generic/kvdefinekeys/kvdefinekeys.sty
Package: kvdefinekeys 2019-12-19 v1.6 Define keys (HO)
) (c:/texlive/2020/texmf-dist/tex/generic/pdfescape/pdfescape.sty
Package: pdfescape 2019/12/09 v1.15 Implements pdfTeX's escape features (HO)
) (c:/texlive/2020/texmf-dist/tex/latex/hycolor/hycolor.sty
Package: hycolor 2020-01-27 v1.10 Color options for hyperref/bookmark (HO)
) (c:/texlive/2020/texmf-dist/tex/latex/letltxmacro/letltxmacro.sty
Package: letltxmacro 2019/12/03 v1.6 Let assignment for LaTeX macros (HO)
) (c:/texlive/2020/texmf-dist/tex/latex/auxhook/auxhook.sty
Package: auxhook 2019-12-17 v1.6 Hooks for auxiliary files (HO)
) (c:/texlive/2020/texmf-dist/tex/latex/kvoptions/kvoptions.sty
Package: kvoptions 2019/11/29 v3.13 Key value format for package options (HO)
)
\@linkdim=\dimen179
\Hy@linkcounter=\count292
\Hy@pagecounter=\count293
 (c:/texlive/2020/texmf-dist/tex/latex/hyperref/pd1enc.def
File: pd1enc.def 2020-05-15 v7.00e Hyperref: PDFDocEncoding definition (HO)
Now handling font encoding PD1 ...
... no UTF-8 mapping file for font encoding PD1
) (c:/texlive/2020/texmf-dist/tex/generic/intcalc/intcalc.sty
Package: intcalc 2019/12/15 v1.3 Expandable calculations with integers (HO)
) (c:/texlive/2020/texmf-dist/tex/generic/etexcmds/etexcmds.sty
Package: etexcmds 2019/12/15 v1.7 Avoid name clashes with e-TeX commands (HO)
)
\Hy@SavedSpaceFactor=\count294
Package hyperref Info: Hyper figures OFF on input line 4464.
Package hyperref Info: Link nesting OFF on input line 4469.
Package hyperref Info: Hyper index ON on input line 4472.
Package hyperref Info: Plain pages OFF on input line 4479.
Package hyperref Info: Backreferencing OFF on input line 4484.
Package hyperref Info: Implicit mode ON; LaTeX internals redefined.
Package hyperref Info: Bookmarks ON on input line 4717.
\c@Hy@tempcnt=\count295
 (c:/texlive/2020/texmf-dist/tex/latex/url/url.sty
\Urlmuskip=\muskip16
Package: url 2013/09/16  ver 3.4  Verb mode for urls, etc.
)
LaTeX Info: Redefining \url on input line 5076.
\XeTeXLinkMargin=\dimen180
 (c:/texlive/2020/texmf-dist/tex/generic/bitset/bitset.sty
Package: bitset 2019/12/09 v1.3 Handle bit-vector datatype (HO)
 (c:/texlive/2020/texmf-dist/tex/generic/bigintcalc/bigintcalc.sty
Package: bigintcalc 2019/12/15 v1.5 Expandable calculations on big integers (HO)
))
\Fld@menulength=\count296
\Field@Width=\dimen181
\Fld@charsize=\dimen182
Package hyperref Info: Hyper figures OFF on input line 6347.
Package hyperref Info: Link nesting OFF on input line 6352.
Package hyperref Info: Hyper index ON on input line 6355.
Package hyperref Info: backreferencing OFF on input line 6362.
Package hyperref Info: Link coloring OFF on input line 6367.
Package hyperref Info: Link coloring with OCG OFF on input line 6372.
Package hyperref Info: PDF/A mode OFF on input line 6377.
LaTeX Info: Redefining \ref on input line 6417.
LaTeX Info: Redefining \pageref on input line 6421.
 (c:/texlive/2020/texmf-dist/tex/generic/atbegshi/atbegshi.sty
Package: atbegshi 2019/12/05 v1.19 At begin shipout hook (HO)
)
\Hy@abspage=\count297
\c@Item=\count298
\c@Hfootnote=\count299
) (c:/texlive/2020/texmf-dist/tex/latex/memoir/memhfixc.sty
Package: memhfixc 2019/10/24 v1.18 nameref/hyperref package fixes for memoir class
\c@memhycontfloat=\count300
\c@Hpagenote=\count301
)
Package hyperref Info: Driver (autodetected): hpdftex.
 (c:/texlive/2020/texmf-dist/tex/latex/hyperref/hpdftex.def
File: hpdftex.def 2020-05-15 v7.00e Hyperref driver for pdfTeX
 (c:/texlive/2020/texmf-dist/tex/latex/atveryend/atveryend.sty
Package: atveryend 2019-12-11 v1.11 Hooks at the very end of document (HO)
Package atveryend Info: \enddocument detected (standard20110627).
)
\Fld@listcount=\count302
\c@bookmark@seq@number=\count303
 (c:/texlive/2020/texmf-dist/tex/latex/rerunfilecheck/rerunfilecheck.sty
Package: rerunfilecheck 2019/12/05 v1.9 Rerun checks for auxiliary files (HO)
 (c:/texlive/2020/texmf-dist/tex/generic/uniquecounter/uniquecounter.sty
Package: uniquecounter 2019/12/15 v1.4 Provide unlimited unique counter (HO)
)
Package uniquecounter Info: New unique counter `rerunfilecheck' on input line 286.
)
\Hy@SectionHShift=\skip191
) (c:/texlive/2020/texmf-dist/tex/latex/bookmark/bookmark.sty
Package: bookmark 2019/12/03 v1.28 PDF bookmarks (HO)
 (c:/texlive/2020/texmf-dist/tex/latex/bookmark/bkm-pdftex.def
File: bkm-pdftex.def 2019/12/03 v1.28 bookmark driver for pdfTeX (HO)
\BKM@id=\count304
)) (c:/texlive/2020/texmf-dist/tex/generic/babel/babel.sty
Package: babel 2020/07/13 3.47 The Babel package
 (c:/texlive/2020/texmf-dist/tex/generic/babel/babel.def
File: babel.def 2020/07/13 3.47 Babel common definitions
\babel@savecnt=\count305
\U@D=\dimen183
\l@babelnohyphens=\language86
 (c:/texlive/2020/texmf-dist/tex/generic/babel/txtbabel.def)
\bbl@readstream=\read3
)
\bbl@dirlevel=\count306
 (c:/texlive/2020/texmf-dist/tex/generic/babel-english/english.ldf
Language: english 2017/06/06 v3.3r English support from the babel system
Package babel Info: \l@canadian = using hyphenrules for english
(babel)             (\language0) on input line 102.
Package babel Info: \l@australian = using hyphenrules for ukenglish
(babel)             (\language21) on input line 105.
Package babel Info: \l@newzealand = using hyphenrules for ukenglish
(babel)             (\language21) on input line 108.
) (c:/texlive/2020/texmf-dist/tex/generic/babel-portuges/brazil.ldf
Language: portuges 2020/05/04 v1.2r Portuguese support from the babel system
Package babel Info: \l@brazil = using hyphenrules for portuguese
(babel)             (\language69) on input line 111.
Package babel Info: Making " an active character on input line 143.
)) (c:/texlive/2020/texmf-dist/tex/latex/enumitem/enumitem.sty
Package: enumitem 2019/06/20 v3.9 Customized lists
\labelindent=\skip192
\enit@outerparindent=\dimen184
\enit@toks=\toks24
\enit@inbox=\box50
\enit@count@id=\count307
\enitdp@description=\count308
) (c:/texlive/2020/texmf-dist/tex/latex/tools/calc.sty
Package: calc 2017/05/25 v4.3 Infix arithmetic (KKT,FJ)
\calc@Acount=\count309
\calc@Bcount=\count310
\calc@Adimen=\dimen185
\calc@Bdimen=\dimen186
\calc@Askip=\skip193
\calc@Bskip=\skip194
LaTeX Info: Redefining \setlength on input line 80.
LaTeX Info: Redefining \addtolength on input line 81.
\calc@Ccount=\count311
\calc@Cskip=\skip195
)

******************************************************
Stock height and width: 845.04684pt by 597.50787pt
Top and edge trims: 0pt and 0pt
Page height and width: 845.04684pt by 597.50787pt
Text height and width: 708pt by 455pt
Spine and edge margins: 85.35826pt and 56.9055pt
Upper and lower margins: 85.35826pt and 51.68858pt
Headheight and headsep: 14.5pt and 19.8738pt
Footskip: 30pt
Columnsep and columnseprule: 10pt and 0pt
Marginparsep and marginparwidth: 7pt and 42.9055pt
Sidecapsep and sidecapwidth: 7pt and 42pt
Sidebarhsep and sidebarwidth: 7pt and 42pt
Sidebarvsep and sidebartopsep: 14.5pt and 0pt
Sidebarheight: 590.14995pt
Sidefoothsep and sidefootwidth: 7pt and 42pt
Sidefootvsep and sidefootheight: 14.5pt and 590.14995pt
******************************************************

\c@abntex@bookmarkcounter=\count312
\cftlastnumwidth=\skip196
\chapternamenumlength=\skip197
\ABNTEXcitacaorecuo=\skip198
\c@alineasi=\count313
\c@alineasii=\count314
\enitdp@alineas=\count315
\c@subalineasi=\count316
\enitdp@subalineas=\count317
\c@incisosi=\count318
\enitdp@incisos=\count319
\ABNTEXsignwidth=\skip199
\ABNTEXsignthickness=\skip256
\ABNTEXsignskip=\skip257
) (c:/texlive/2020/texmf-dist/tex/latex/lm/lmodern.sty
Package: lmodern 2009/10/30 v1.6 Latin Modern Fonts
LaTeX Font Info:    Overwriting symbol font `operators' in version `normal'
(Font)                  OT1/cmr/m/n --> OT1/lmr/m/n on input line 22.
LaTeX Font Info:    Overwriting symbol font `letters' in version `normal'
(Font)                  OML/cmm/m/it --> OML/lmm/m/it on input line 23.
LaTeX Font Info:    Overwriting symbol font `symbols' in version `normal'
(Font)                  OMS/cmsy/m/n --> OMS/lmsy/m/n on input line 24.
LaTeX Font Info:    Overwriting symbol font `largesymbols' in version `normal'
(Font)                  OMX/cmex/m/n --> OMX/lmex/m/n on input line 25.
LaTeX Font Info:    Overwriting symbol font `operators' in version `bold'
(Font)                  OT1/cmr/bx/n --> OT1/lmr/bx/n on input line 26.
LaTeX Font Info:    Overwriting symbol font `letters' in version `bold'
(Font)                  OML/cmm/b/it --> OML/lmm/b/it on input line 27.
LaTeX Font Info:    Overwriting symbol font `symbols' in version `bold'
(Font)                  OMS/cmsy/b/n --> OMS/lmsy/b/n on input line 28.
LaTeX Font Info:    Overwriting symbol font `largesymbols' in version `bold'
(Font)                  OMX/cmex/m/n --> OMX/lmex/m/n on input line 29.
LaTeX Font Info:    Overwriting math alphabet `\mathbf' in version `normal'
(Font)                  OT1/cmr/bx/n --> OT1/lmr/bx/n on input line 31.
LaTeX Font Info:    Overwriting math alphabet `\mathsf' in version `normal'
(Font)                  OT1/cmss/m/n --> OT1/lmss/m/n on input line 32.
LaTeX Font Info:    Overwriting math alphabet `\mathit' in version `normal'
(Font)                  OT1/cmr/m/it --> OT1/lmr/m/it on input line 33.
LaTeX Font Info:    Overwriting math alphabet `\mathtt' in version `normal'
(Font)                  OT1/cmtt/m/n --> OT1/lmtt/m/n on input line 34.
LaTeX Font Info:    Overwriting math alphabet `\mathbf' in version `bold'
(Font)                  OT1/cmr/bx/n --> OT1/lmr/bx/n on input line 35.
LaTeX Font Info:    Overwriting math alphabet `\mathsf' in version `bold'
(Font)                  OT1/cmss/bx/n --> OT1/lmss/bx/n on input line 36.
LaTeX Font Info:    Overwriting math alphabet `\mathit' in version `bold'
(Font)                  OT1/cmr/bx/it --> OT1/lmr/bx/it on input line 37.
LaTeX Font Info:    Overwriting math alphabet `\mathtt' in version `bold'
(Font)                  OT1/cmtt/m/n --> OT1/lmtt/m/n on input line 38.
) (c:/texlive/2020/texmf-dist/tex/latex/base/inputenc.sty
Package: inputenc 2018/08/11 v1.3c Input encoding file
\inpenc@prehook=\toks25
\inpenc@posthook=\toks26
) (c:/texlive/2020/texmf-dist/tex/latex/base/fontenc.sty
Package: fontenc 2020/02/11 v2.0o Standard LaTeX package
LaTeX Font Info:    Trying to load font information for T1+lmr on input line 112.
 (c:/texlive/2020/texmf-dist/tex/latex/lm/t1lmr.fd
File: t1lmr.fd 2009/10/30 v1.6 Font defs for Latin Modern
)) (c:/texlive/2020/texmf-dist/tex/latex/lastpage/lastpage.sty
Package: lastpage 2015/03/29 v1.2m Refers to last page's name (HMM; JPG)
) (c:/texlive/2020/texmf-dist/tex/latex/tools/indentfirst.sty
Package: indentfirst 1995/11/23 v1.03 Indent first paragraph (DPC)
) (c:/texlive/2020/texmf-dist/tex/latex/graphics/color.sty
Package: color 2019/11/23 v1.2a Standard LaTeX Color (DPC)
 (c:/texlive/2020/texmf-dist/tex/latex/graphics-cfg/color.cfg
File: color.cfg 2016/01/02 v1.6 sample color configuration
)
Package color Info: Driver file: pdftex.def on input line 147.
 (c:/texlive/2020/texmf-dist/tex/latex/graphics-def/pdftex.def
File: pdftex.def 2018/01/08 v1.0l Graphics/color driver for pdftex
)) (c:/texlive/2020/texmf-dist/tex/latex/graphics/graphicx.sty
Package: graphicx 2019/11/30 v1.2a Enhanced LaTeX Graphics (DPC,SPQR)
 (c:/texlive/2020/texmf-dist/tex/latex/graphics/graphics.sty
Package: graphics 2019/11/30 v1.4a Standard LaTeX Graphics (DPC,SPQR)
 (c:/texlive/2020/texmf-dist/tex/latex/graphics/trig.sty
Package: trig 2016/01/03 v1.10 sin cos tan (DPC)
) (c:/texlive/2020/texmf-dist/tex/latex/graphics-cfg/graphics.cfg
File: graphics.cfg 2016/06/04 v1.11 sample graphics configuration
)
Package graphics Info: Driver file: pdftex.def on input line 105.
)
\Gin@req@height=\dimen187
\Gin@req@width=\dimen188
) (c:/texlive/2020/texmf-dist/tex/latex/microtype/microtype.sty
Package: microtype 2019/11/18 v2.7d Micro-typographical refinements (RS)
\MT@toks=\toks27
\MT@count=\count320
LaTeX Info: Redefining \textls on input line 790.
\MT@outer@kern=\dimen189
LaTeX Info: Redefining \textmicrotypecontext on input line 1354.
\MT@listname@count=\count321
 (c:/texlive/2020/texmf-dist/tex/latex/microtype/microtype-pdftex.def
File: microtype-pdftex.def 2019/11/18 v2.7d Definitions specific to pdftex (RS)
LaTeX Info: Redefining \lsstyle on input line 914.
LaTeX Info: Redefining \lslig on input line 914.
\MT@outer@space=\skip258
)
Package microtype Info: Loading configuration file microtype.cfg.
 (c:/texlive/2020/texmf-dist/tex/latex/microtype/microtype.cfg
File: microtype.cfg 2019/11/18 v2.7d microtype main configuration file (RS)
)) (c:/texlive/2020/texmf-dist/tex/latex/csquotes/csquotes.sty
Package: csquotes 2019-12-06 v5.2j context-sensitive quotations (JAW)
 (c:/texlive/2020/texmf-dist/tex/latex/etoolbox/etoolbox.sty
Package: etoolbox 2020/07/15 v2.5i e-TeX tools for LaTeX (JAW)
\etb@tempcnta=\count322
)
\csq@reset=\count323
\csq@gtype=\count324
\csq@glevel=\count325
\csq@qlevel=\count326
\csq@maxlvl=\count327
\csq@tshold=\count328
\csq@ltx@everypar=\toks28
 (c:/texlive/2020/texmf-dist/tex/latex/csquotes/csquotes.def
File: csquotes.def 2019-12-06 v5.2j csquotes generic definitions (JAW)
)
Package csquotes Info: Trying to load configuration file 'csquotes.cfg'...
Package csquotes Info: ... configuration file loaded successfully.
 (c:/texlive/2020/texmf-dist/tex/latex/csquotes/csquotes.cfg
File: csquotes.cfg 
)) (c:/texlive/2020/texmf-dist/tex/latex/graphics/rotating.sty
Package: rotating 2016/08/11 v2.16d rotated objects in LaTeX
\c@r@tfl@t=\count329
\rotFPtop=\skip259
\rotFPbot=\skip260
\rot@float@box=\box51
\rot@mess@toks=\toks29
) (c:/texlive/2020/texmf-dist/tex/latex/placeins/placeins.sty
Package: placeins 2005/04/18  v 2.2
) (c:/texlive/2020/texmf-dist/tex/latex/pdfpages/pdfpages.sty
Package: pdfpages 2020/01/28 v0.5q Insert pages of external PDF documents (AM)
 (c:/texlive/2020/texmf-dist/tex/latex/eso-pic/eso-pic.sty
Package: eso-pic 2018/04/12 v2.0h eso-pic (RN)
)
\AM@pagewidth=\dimen190
\AM@pageheight=\dimen191
 (c:/texlive/2020/texmf-dist/tex/latex/pdfpages/pppdftex.def
File: pppdftex.def 2020/01/28 v0.5q Pdfpages driver for pdfTeX (AM)
)
\AM@pagebox=\box52
\AM@global@opts=\toks30
\AM@pagecnt=\count330
\AM@toc@title=\toks31
\c@AM@survey=\count331
\AM@templatesizebox=\box53
) (c:/texlive/2020/texmf-dist/tex/latex/hyperref/backref.sty
Package: backref 2020/01/14 v1.40 Bibliographical back referencing
) (c:/texlive/2020/texmf-dist/tex/latex/pstricks/pstricks.sty
Package: pstricks 2020/06/11 v0.70 LaTeX wrapper for `PSTricks' (RN,HV)
 (c:/texlive/2020/texmf-dist/tex/latex/xcolor/xcolor.sty
Package: xcolor 2016/05/11 v2.12 LaTeX color extensions (UK)
 (c:/texlive/2020/texmf-dist/tex/latex/graphics-cfg/color.cfg
File: color.cfg 2016/01/02 v1.6 sample color configuration
)
Package xcolor Info: Driver file: pdftex.def on input line 225.
LaTeX Info: Redefining \color on input line 709.
Package xcolor Info: Model `cmy' substituted by `cmy0' on input line 1348.
Package xcolor Info: Model `hsb' substituted by `rgb' on input line 1352.
Package xcolor Info: Model `RGB' extended on input line 1364.
Package xcolor Info: Model `HTML' substituted by `rgb' on input line 1366.
Package xcolor Info: Model `Hsb' substituted by `hsb' on input line 1367.
Package xcolor Info: Model `tHsb' substituted by `hsb' on input line 1368.
Package xcolor Info: Model `HSB' substituted by `hsb' on input line 1369.
Package xcolor Info: Model `Gray' substituted by `gray' on input line 1370.
Package xcolor Info: Model `wave' substituted by `hsb' on input line 1371.
) (c:/texlive/2020/texmf-dist/tex/generic/xkeyval/pst-xkey.tex
File: pst-xkey.tex 2005/11/25 v1.6 PSTricks specialization of xkeyval (HA)
 (c:/texlive/2020/texmf-dist/tex/latex/xkeyval/xkeyval.sty
Package: xkeyval 2014/12/03 v2.7a package option processing (HA)
 (c:/texlive/2020/texmf-dist/tex/generic/xkeyval/xkeyval.tex (c:/texlive/2020/texmf-dist/tex/generic/xkeyval/xkvutils.tex
\XKV@toks=\toks32
\XKV@tempa@toks=\toks33
)
\XKV@depth=\count332
File: xkeyval.tex 2014/12/03 v2.7a key=value parser (HA)
))) (c:/texlive/2020/texmf-dist/tex/generic/pstricks/pstricks.tex (c:/texlive/2020/texmf-dist/tex/generic/pstricks/pst-fp.tex `pst-fp' v0.05, 2010/01/17 (hv)
\pstFP@xs=\count333
\pstFP@xia=\count334
\pstFP@xib=\count335
\pstFP@xfa=\count336
\pstFP@xfb=\count337
\pstFP@rega=\count338
\pstFP@regb=\count339
\pstFP@regs=\count340
\pstFP@times=\count341
) (c:/texlive/2020/texmf-dist/tex/generic/pgf/utilities/pgfutil-common.tex
\pgfutil@everybye=\toks34
\pgfutil@tempdima=\dimen192
\pgfutil@tempdimb=\dimen193
 (c:/texlive/2020/texmf-dist/tex/generic/pgf/utilities/pgfutil-common-lists.tex)) (c:/texlive/2020/texmf-dist/tex/generic/pgf/utilities/pgfkeys.code.tex
\pgfkeys@pathtoks=\toks35
\pgfkeys@temptoks=\toks36
 (c:/texlive/2020/texmf-dist/tex/generic/pgf/utilities/pgfkeysfiltered.code.tex
\pgfkeys@tmptoks=\toks37
)) (c:/texlive/2020/texmf-dist/tex/generic/pgf/utilities/pgffor.code.tex
Loading pgffor.code.tex
(c:/texlive/2020/texmf-dist/tex/generic/pgf/math/pgfmath.code.tex (c:/texlive/2020/texmf-dist/tex/generic/pgf/math/pgfmathcalc.code.tex (c:/texlive/2020/texmf-dist/tex/generic/pgf/math/pgfmathutil.code.tex
\pgf@x=\dimen194
\pgf@xa=\dimen195
\pgf@xb=\dimen196
\pgf@xc=\dimen197
\pgf@y=\dimen198
\pgf@ya=\dimen199
\pgf@yb=\dimen256
\pgf@yc=\dimen257
\c@pgf@counta=\count342
\c@pgf@countb=\count343
\c@pgf@countc=\count344
\c@pgf@countd=\count345
\pgfutil@tempcnta=\count346
\pgfutil@tempcntb=\count347
) (c:/texlive/2020/texmf-dist/tex/generic/pgf/math/pgfmathparser.code.tex
\pgfmath@dimen=\dimen258
\pgfmath@count=\count348
\pgfmath@box=\box54
\pgfmath@toks=\toks38
\pgfmath@stack@operand=\toks39
\pgfmath@stack@operation=\toks40
) (c:/texlive/2020/texmf-dist/tex/generic/pgf/math/pgfmathfunctions.code.tex (c:/texlive/2020/texmf-dist/tex/generic/pgf/math/pgfmathfunctions.basic.code.tex) (c:/texlive/2020/texmf-dist/tex/generic/pgf/math/pgfmathfunctions.trigonometric.code.tex) (c:/texlive/2020/texmf-dist/tex/generic/pgf/math/pgfmathfunctions.random.code.tex) (c:/texlive/2020/texmf-dist/tex/generic/pgf/math/pgfmathfunctions.comparison.code.tex) (c:/texlive/2020/texmf-dist/tex/generic/pgf/math/pgfmathfunctions.base.code.tex) (c:/texlive/2020/texmf-dist/tex/generic/pgf/math/pgfmathfunctions.round.code.tex) (c:/texlive/2020/texmf-dist/tex/generic/pgf/math/pgfmathfunctions.misc.code.tex) (c:/texlive/2020/texmf-dist/tex/generic/pgf/math/pgfmathfunctions.integerarithmetics.code.tex))) (c:/texlive/2020/texmf-dist/tex/generic/pgf/math/pgfmathfloat.code.tex
\c@pgfmathroundto@lastzeros=\count349
))
\pgffor@iter=\dimen259
\pgffor@skip=\dimen260
\pgffor@stack=\toks41
\pgffor@toks=\toks42
)
\psLoopIndex=\count350

`PSTricks' v2.97  <2019/05/11> (tvz,hv)
\pst@dima=\dimen261
\pst@dimb=\dimen262
\pst@dimc=\dimen263
\pst@dimd=\dimen264
\pst@dimg=\dimen265
\pst@dimh=\dimen266
\pst@dimm=\dimen267
\pst@dimn=\dimen268
\pst@dimo=\dimen269
\pst@dimp=\dimen270
\pst@hbox=\box55
\pst@ibox=\box56
\pst@boxg=\box57
\pst@cnta=\count351
\pst@cntb=\count352
\pst@cntc=\count353
\pst@cntd=\count354
\pst@cntg=\count355
\pst@cnth=\count356
\pst@cntm=\count357
\pst@cntn=\count358
\pst@cnto=\count359
\pst@cntp=\count360
\@zero=\count361
\pst@toks=\toks43
(c:/texlive/2020/texmf-dist/tex/generic/pstricks/pstricks.con)
\psunit=\dimen271
\psxunit=\dimen272
\psyunit=\dimen273
\pst@C@@rType=\count362
\pslinewidth=\dimen274
\psk@startLW=\dimen275
\psk@endLW=\dimen276
\pst@customdefs=\toks44
\pslinearc=\dimen277
\pst@symbolStep=\dimen278
\pst@symbolWidth=\dimen279
\pst@symbolLinewidth=\dimen280
\everypsbox=\toks45
\psframesep=\dimen281
\pslabelsep=\dimen282
\sh@wgridXunit=\dimen283
\sh@wgridYunit=\dimen284
\pst@shift=\dimen285
)
File: pstricks.tex 2019/05/11 v2.97 `PSTricks' (tvz,hv)
 (c:/texlive/2020/texmf-dist/tex/generic/pstricks/pst-fp.tex)
File: pst-fp.tex 2019/05/11 v2.97 `PST-fp' (hv)
) (c:/texlive/2020/texmf-dist/tex/latex/pst-barcode/pst-barcode.sty
Package: pst-barcode 2016/04/22 package wrapper for pst-barcode.tex (hv)
 (c:/texlive/2020/texmf-dist/tex/generic/pst-barcode/pst-barcode.tex `PST-barcode' v0.18, 2017/08/22 (tb,hv) (c:/texlive/2020/texmf-dist/tex/latex/marginnote/marginnote.sty
Package: marginnote 2018/08/09 v1.4b non floating margin notes for LaTeX
\c@mn@abspage=\count363
)
\QR@box=\box58
)
File: pst-barcode.tex 2017/08/22 v0.18 `PST-barcode' (hv)
) (c:/texlive/2020/texmf-dist/tex/latex/glossaries-extra/glossaries-extra.sty
Package: glossaries-extra 2020/04/01 v1.45 (NLCT)
 (c:/texlive/2020/texmf-dist/tex/latex/glossaries/base/glossaries.sty
Package: glossaries 2020/03/19 v4.46 (NLCT)
 (c:/texlive/2020/texmf-dist/tex/latex/mfirstuc/mfirstuc.sty
Package: mfirstuc 2017/11/14 v2.06 (NLCT)
\@glsmfirst=\toks46
\@glsmrest=\toks47
) (c:/texlive/2020/texmf-dist/tex/latex/xfor/xfor.sty
Package: xfor 2009/02/05 v1.05 (NLCT)
) (c:/texlive/2020/texmf-dist/tex/latex/datatool/datatool-base.sty
Package: datatool-base 2019/09/27 v2.32 (NLCT)
 (c:/texlive/2020/texmf-dist/tex/latex/amsmath/amsmath.sty
Package: amsmath 2020/01/20 v2.17e AMS math features
\@mathmargin=\skip261

For additional information on amsmath, use the `?' option.
(c:/texlive/2020/texmf-dist/tex/latex/amsmath/amstext.sty
Package: amstext 2000/06/29 v2.01 AMS text
 (c:/texlive/2020/texmf-dist/tex/latex/amsmath/amsgen.sty
File: amsgen.sty 1999/11/30 v2.0 generic functions
\@emptytoks=\toks48
\ex@=\dimen286
)) (c:/texlive/2020/texmf-dist/tex/latex/amsmath/amsbsy.sty
Package: amsbsy 1999/11/29 v1.2d Bold Symbols
\pmbraise@=\dimen287
) (c:/texlive/2020/texmf-dist/tex/latex/amsmath/amsopn.sty
Package: amsopn 2016/03/08 v2.02 operator names
)
\inf@bad=\count364
LaTeX Info: Redefining \frac on input line 227.
\uproot@=\count365
\leftroot@=\count366
LaTeX Info: Redefining \overline on input line 389.
\classnum@=\count367
\DOTSCASE@=\count368
LaTeX Info: Redefining \ldots on input line 486.
LaTeX Info: Redefining \dots on input line 489.
LaTeX Info: Redefining \cdots on input line 610.
\Mathstrutbox@=\box59
\strutbox@=\box60
\big@size=\dimen288
LaTeX Font Info:    Redeclaring font encoding OML on input line 733.
LaTeX Font Info:    Redeclaring font encoding OMS on input line 734.
\macc@depth=\count369
\c@MaxMatrixCols=\count370
\dotsspace@=\muskip17
\c@parentequation=\count371
\dspbrk@lvl=\count372
\tag@help=\toks49
\row@=\count373
\column@=\count374
\maxfields@=\count375
\andhelp@=\toks50
\eqnshift@=\dimen289
\alignsep@=\dimen290
\tagshift@=\dimen291
\tagwidth@=\dimen292
\totwidth@=\dimen293
\lineht@=\dimen294
\@envbody=\toks51
\multlinegap=\skip262
\multlinetaggap=\skip263
\mathdisplay@stack=\toks52
LaTeX Info: Redefining \[ on input line 2859.
LaTeX Info: Redefining \] on input line 2860.
) (c:/texlive/2020/texmf-dist/tex/latex/substr/substr.sty
Package: substr 2009/10/20 v1.2 Handle substrings
\c@su@anzahl=\count376
) (c:/texlive/2020/texmf-dist/tex/latex/datatool/datatool-fp.sty
Package: datatool-fp 2019/09/27 v2.32 (NLCT)
 (c:/texlive/2020/texmf-dist/tex/latex/fp/fp.sty
Package: fp 1995/04/02
 `Fixed Point Package', Version 0.8, April 2, 1995 (C) Michael Mehlich (c:/texlive/2020/texmf-dist/tex/latex/fp/defpattern.sty
Package: defpattern 1994/10/12
\actioncount=\count377
) (c:/texlive/2020/texmf-dist/tex/latex/fp/fp-basic.sty
Package: fp-basic 1996/05/13
\FP@xs=\count378
\FP@xia=\count379
\FP@xib=\count380
\FP@xfa=\count381
\FP@xfb=\count382
\FP@rega=\count383
\FP@regb=\count384
\FP@regs=\count385
\FP@times=\count386
) (c:/texlive/2020/texmf-dist/tex/latex/fp/fp-addons.sty
Package: fp-addons 1995/03/15
) (c:/texlive/2020/texmf-dist/tex/latex/fp/fp-snap.sty
Package: fp-snap 1995/04/05
) (c:/texlive/2020/texmf-dist/tex/latex/fp/fp-exp.sty
Package: fp-exp 1995/04/03
) (c:/texlive/2020/texmf-dist/tex/latex/fp/fp-trigo.sty
Package: fp-trigo 1995/04/14
) (c:/texlive/2020/texmf-dist/tex/latex/fp/fp-pas.sty
Package: fp-pas 1994/08/29
) (c:/texlive/2020/texmf-dist/tex/latex/fp/fp-random.sty
Package: fp-random 1995/02/23
\FPseed=\count387
) (c:/texlive/2020/texmf-dist/tex/latex/fp/fp-eqn.sty
Package: fp-eqn 1995/04/03
) (c:/texlive/2020/texmf-dist/tex/latex/fp/fp-upn.sty
Package: fp-upn 1996/10/21
) (c:/texlive/2020/texmf-dist/tex/latex/fp/fp-eval.sty
Package: fp-eval 1995/04/03
)))
\@dtl@toks=\toks53
\@dtl@tmpcount=\count388
\dtl@tmplength=\skip264
\dtl@sortresult=\count389
\@dtl@numgrpsepcount=\count390
\@dtl@datatype=\count391
\dtl@codeA=\count392
\dtl@codeB=\count393
\@dtl@foreach@level=\count394
) (c:/texlive/2020/texmf-dist/tex/latex/glossaries/base/glossaries-compatible-307.sty
Package: glossaries-compatible-307 2020/03/19 v4.46 (NLCT)
) (c:/texlive/2020/texmf-dist/tex/latex/tracklang/tracklang.sty
Package: tracklang 2020/06/30 v1.5 (NLCT) Track Languages
 (c:/texlive/2020/texmf-dist/tex/generic/tracklang/tracklang.tex)) (c:/texlive/2020/texmf-dist/tex/latex/glossaries-english/glossaries-english.ldf
File: glossaries-english.ldf 2014/11/23 v1.0
) (c:/texlive/2020/texmf-dist/tex/latex/glossaries-portuges/glossaries-pt-BR.ldf
File: glossaries-pt-BR.ldf 2014/11/23 v1.0
 (c:/texlive/2020/texmf-dist/tex/latex/glossaries-portuges/glossaries-portuges-utf8.ldf))
\gls@level=\count395
\@gls@tmpb=\toks54
\gls@tmplen=\skip265
\glskeylisttok=\toks55
\glslabeltok=\toks56
\glsshorttok=\toks57
\glslongtok=\toks58
 (c:/texlive/2020/texmf-dist/tex/latex/glossaries/styles/glossary-hypernav.sty
Package: glossary-hypernav 2020/03/19 v4.46 (NLCT)
) (c:/texlive/2020/texmf-dist/tex/latex/glossaries/styles/glossary-list.sty
Package: glossary-list 2020/03/19 v4.46 (NLCT)
\glslistdottedwidth=\skip266
) (c:/texlive/2020/texmf-dist/tex/latex/glossaries/styles/glossary-long.sty
Package: glossary-long 2020/03/19 v4.46 (NLCT)
 (c:/texlive/2020/texmf-dist/tex/latex/tools/longtable.sty
Package: longtable 2020/01/07 v4.13 Multi-page Table package (DPC)
\LTleft=\skip267
\LTright=\skip268
\LTpre=\skip269
\LTpost=\skip270
\LTchunksize=\count396
\LTcapwidth=\dimen295
\LT@head=\box61
\LT@firsthead=\box62
\LT@foot=\box63
\LT@lastfoot=\box64
\LT@cols=\count397
\LT@rows=\count398
\c@LT@tables=\count399
\c@LT@chunks=\count400
\LT@p@ftn=\toks59
)
\glsdescwidth=\skip271
\glspagelistwidth=\skip272
) (c:/texlive/2020/texmf-dist/tex/latex/glossaries/styles/glossary-super.sty
Package: glossary-super 2020/03/19 v4.46 (NLCT)
 (c:/texlive/2020/texmf-dist/tex/latex/supertabular/supertabular.sty
Package: supertabular 2020/02/02 v4.1g the supertabular environment
\c@tracingst=\count401
\ST@wd=\dimen296
\ST@rightskip=\skip273
\ST@leftskip=\skip274
\ST@parfillskip=\skip275
\ST@pageleft=\dimen297
\ST@headht=\dimen298
\ST@tailht=\dimen299
\ST@pagesofar=\dimen300
\ST@pboxht=\dimen301
\ST@lineht=\dimen302
\ST@prevht=\dimen303
\ST@toadd=\dimen304
\ST@dimen=\dimen305
\ST@pbox=\box65
)) (c:/texlive/2020/texmf-dist/tex/latex/glossaries/styles/glossary-tree.sty
Package: glossary-tree 2020/03/19 v4.46 (NLCT)
\glstreeindent=\skip276
))
\@glsxtr@leveloffset=\count402
\glsxtrresourcecount=\count403
\@glsxtrnewgls@inner=\count404
\glsshortpltok=\toks60
\glslongpltok=\toks61
) (./defs-siglas.tex) (./defs-glossario.tex) (c:/texlive/2020/texmf-dist/tex/latex/lipsum/lipsum.sty (c:/texlive/2020/texmf-dist/tex/latex/l3kernel/expl3.sty
Package: expl3 2020-08-07 L3 programming layer (loader) 
 (c:/texlive/2020/texmf-dist/tex/latex/l3backend/l3backend-pdfmode.def
File: l3backend-pdfmode.def 2020-08-07 L3 backend support: PDF mode
\l__kernel_color_stack_int=\count405
\l__pdf_internal_box=\box66
)) (c:/texlive/2020/texmf-dist/tex/latex/l3packages/xparse/xparse.sty
Package: xparse 2020-05-15 L3 Experimental document command parser
 (c:/texlive/2020/texmf-dist/tex/latex/l3packages/xparse/xparse-generic.tex
\l__xparse_current_arg_int=\count406
\g__xparse_grabber_int=\count407
\l__xparse_m_args_int=\count408
\l__xparse_v_nesting_int=\count409
))
Package: lipsum 2019/01/02 v2.2 150 paragraphs of Lorem Ipsum dummy text
 (c:/texlive/2020/texmf-dist/tex/latex/lipsum/lipsum.ltd.tex
File: lipsum.ltd.tex 2019/01/02 v2.2 The Lorem ipsum dummy text
)) (c:/texlive/2020/texmf-dist/tex/latex/blindtext/blindtext.sty
Package: blindtext 2012/01/06 V2.0 blindtext-Package
 (c:/texlive/2020/texmf-dist/tex/latex/tools/xspace.sty
Package: xspace 2014/10/28 v1.13 Space after command names (DPC,MH)
)
\c@blindtext=\count410
\c@Blindtext=\count411
\c@blind@countparstart=\count412
\blind@countxx=\count413
\blindtext@numBlindtext=\count414
\blind@countyy=\count415
\c@blindlist=\count416
\c@blindlistlevel=\count417
\c@blindlist@level=\count418
\blind@listitem=\count419
\c@blind@listcount=\count420
\c@blind@levelcount=\count421
\blind@mathformula=\count422
\blind@Mathformula=\count423
\c@blind@randomcount=\count424
\c@blind@randommax=\count425
\c@blind@pangramcount=\count426
\c@blind@pangrammax=\count427
) (c:/texlive/2020/texmf-dist/tex/latex/todonotes/todonotes.sty
Package: todonotes 2019/01/24 v1.1.2 Todonotes source and documentation.
Package: todonotes 2018/11/22
 (c:/texlive/2020/texmf-dist/tex/latex/pgf/frontendlayer/tikz.sty (c:/texlive/2020/texmf-dist/tex/latex/pgf/basiclayer/pgf.sty (c:/texlive/2020/texmf-dist/tex/latex/pgf/utilities/pgfrcs.sty (c:/texlive/2020/texmf-dist/tex/generic/pgf/utilities/pgfutil-common.tex
\pgfutil@everybye=\toks62
\pgfutil@tempdima=\dimen306
\pgfutil@tempdimb=\dimen307
 (c:/texlive/2020/texmf-dist/tex/generic/pgf/utilities/pgfutil-common-lists.tex)) (c:/texlive/2020/texmf-dist/tex/generic/pgf/utilities/pgfutil-latex.def
\pgfutil@abb=\box67
 (c:/texlive/2020/texmf-dist/tex/latex/ms/everyshi.sty
Package: everyshi 2001/05/15 v3.00 EveryShipout Package (MS)
)) (c:/texlive/2020/texmf-dist/tex/generic/pgf/utilities/pgfrcs.code.tex (c:/texlive/2020/texmf-dist/tex/generic/pgf/pgf.revision.tex)
Package: pgfrcs 2020/01/08 v3.1.5b (3.1.5b)
))
Package: pgf 2020/01/08 v3.1.5b (3.1.5b)
 (c:/texlive/2020/texmf-dist/tex/latex/pgf/basiclayer/pgfcore.sty (c:/texlive/2020/texmf-dist/tex/latex/pgf/systemlayer/pgfsys.sty (c:/texlive/2020/texmf-dist/tex/generic/pgf/systemlayer/pgfsys.code.tex
Package: pgfsys 2020/01/08 v3.1.5b (3.1.5b)
 (c:/texlive/2020/texmf-dist/tex/generic/pgf/utilities/pgfkeys.code.tex)
\pgf@x=\dimen308
\pgf@y=\dimen309
\pgf@xa=\dimen310
\pgf@ya=\dimen311
\pgf@xb=\dimen312
\pgf@yb=\dimen313
\pgf@xc=\dimen314
\pgf@yc=\dimen315
\pgf@xd=\dimen316
\pgf@yd=\dimen317
\w@pgf@writea=\write4
\r@pgf@reada=\read4
\c@pgf@counta=\count428
\c@pgf@countb=\count429
\c@pgf@countc=\count430
\c@pgf@countd=\count431
\t@pgf@toka=\toks63
\t@pgf@tokb=\toks64
\t@pgf@tokc=\toks65
\pgf@sys@id@count=\count432
 (c:/texlive/2020/texmf-dist/tex/generic/pgf/systemlayer/pgf.cfg
File: pgf.cfg 2020/01/08 v3.1.5b (3.1.5b)
)
Driver file for pgf: pgfsys-pdftex.def
 (c:/texlive/2020/texmf-dist/tex/generic/pgf/systemlayer/pgfsys-pdftex.def
File: pgfsys-pdftex.def 2020/01/08 v3.1.5b (3.1.5b)
 (c:/texlive/2020/texmf-dist/tex/generic/pgf/systemlayer/pgfsys-common-pdf.def
File: pgfsys-common-pdf.def 2020/01/08 v3.1.5b (3.1.5b)
))) (c:/texlive/2020/texmf-dist/tex/generic/pgf/systemlayer/pgfsyssoftpath.code.tex
File: pgfsyssoftpath.code.tex 2020/01/08 v3.1.5b (3.1.5b)
\pgfsyssoftpath@smallbuffer@items=\count433
\pgfsyssoftpath@bigbuffer@items=\count434
) (c:/texlive/2020/texmf-dist/tex/generic/pgf/systemlayer/pgfsysprotocol.code.tex
File: pgfsysprotocol.code.tex 2020/01/08 v3.1.5b (3.1.5b)
)) (c:/texlive/2020/texmf-dist/tex/generic/pgf/basiclayer/pgfcore.code.tex
Package: pgfcore 2020/01/08 v3.1.5b (3.1.5b)
 (c:/texlive/2020/texmf-dist/tex/generic/pgf/math/pgfmath.code.tex) (c:/texlive/2020/texmf-dist/tex/generic/pgf/math/pgfint.code.tex) (c:/texlive/2020/texmf-dist/tex/generic/pgf/basiclayer/pgfcorepoints.code.tex
File: pgfcorepoints.code.tex 2020/01/08 v3.1.5b (3.1.5b)
\pgf@picminx=\dimen318
\pgf@picmaxx=\dimen319
\pgf@picminy=\dimen320
\pgf@picmaxy=\dimen321
\pgf@pathminx=\dimen322
\pgf@pathmaxx=\dimen323
\pgf@pathminy=\dimen324
\pgf@pathmaxy=\dimen325
\pgf@xx=\dimen326
\pgf@xy=\dimen327
\pgf@yx=\dimen328
\pgf@yy=\dimen329
\pgf@zx=\dimen330
\pgf@zy=\dimen331
) (c:/texlive/2020/texmf-dist/tex/generic/pgf/basiclayer/pgfcorepathconstruct.code.tex
File: pgfcorepathconstruct.code.tex 2020/01/08 v3.1.5b (3.1.5b)
\pgf@path@lastx=\dimen332
\pgf@path@lasty=\dimen333
) (c:/texlive/2020/texmf-dist/tex/generic/pgf/basiclayer/pgfcorepathusage.code.tex
File: pgfcorepathusage.code.tex 2020/01/08 v3.1.5b (3.1.5b)
\pgf@shorten@end@additional=\dimen334
\pgf@shorten@start@additional=\dimen335
) (c:/texlive/2020/texmf-dist/tex/generic/pgf/basiclayer/pgfcorescopes.code.tex
File: pgfcorescopes.code.tex 2020/01/08 v3.1.5b (3.1.5b)
\pgfpic=\box68
\pgf@hbox=\box69
\pgf@layerbox@main=\box70
\pgf@picture@serial@count=\count435
) (c:/texlive/2020/texmf-dist/tex/generic/pgf/basiclayer/pgfcoregraphicstate.code.tex
File: pgfcoregraphicstate.code.tex 2020/01/08 v3.1.5b (3.1.5b)
\pgflinewidth=\dimen336
) (c:/texlive/2020/texmf-dist/tex/generic/pgf/basiclayer/pgfcoretransformations.code.tex
File: pgfcoretransformations.code.tex 2020/01/08 v3.1.5b (3.1.5b)
\pgf@pt@x=\dimen337
\pgf@pt@y=\dimen338
\pgf@pt@temp=\dimen339
) (c:/texlive/2020/texmf-dist/tex/generic/pgf/basiclayer/pgfcorequick.code.tex
File: pgfcorequick.code.tex 2020/01/08 v3.1.5b (3.1.5b)
) (c:/texlive/2020/texmf-dist/tex/generic/pgf/basiclayer/pgfcoreobjects.code.tex
File: pgfcoreobjects.code.tex 2020/01/08 v3.1.5b (3.1.5b)
) (c:/texlive/2020/texmf-dist/tex/generic/pgf/basiclayer/pgfcorepathprocessing.code.tex
File: pgfcorepathprocessing.code.tex 2020/01/08 v3.1.5b (3.1.5b)
) (c:/texlive/2020/texmf-dist/tex/generic/pgf/basiclayer/pgfcorearrows.code.tex
File: pgfcorearrows.code.tex 2020/01/08 v3.1.5b (3.1.5b)
\pgfarrowsep=\dimen340
) (c:/texlive/2020/texmf-dist/tex/generic/pgf/basiclayer/pgfcoreshade.code.tex
File: pgfcoreshade.code.tex 2020/01/08 v3.1.5b (3.1.5b)
\pgf@max=\dimen341
\pgf@sys@shading@range@num=\count436
\pgf@shadingcount=\count437
) (c:/texlive/2020/texmf-dist/tex/generic/pgf/basiclayer/pgfcoreimage.code.tex
File: pgfcoreimage.code.tex 2020/01/08 v3.1.5b (3.1.5b)
 (c:/texlive/2020/texmf-dist/tex/generic/pgf/basiclayer/pgfcoreexternal.code.tex
File: pgfcoreexternal.code.tex 2020/01/08 v3.1.5b (3.1.5b)
\pgfexternal@startupbox=\box71
)) (c:/texlive/2020/texmf-dist/tex/generic/pgf/basiclayer/pgfcorelayers.code.tex
File: pgfcorelayers.code.tex 2020/01/08 v3.1.5b (3.1.5b)
) (c:/texlive/2020/texmf-dist/tex/generic/pgf/basiclayer/pgfcoretransparency.code.tex
File: pgfcoretransparency.code.tex 2020/01/08 v3.1.5b (3.1.5b)
) (c:/texlive/2020/texmf-dist/tex/generic/pgf/basiclayer/pgfcorepatterns.code.tex
File: pgfcorepatterns.code.tex 2020/01/08 v3.1.5b (3.1.5b)
) (c:/texlive/2020/texmf-dist/tex/generic/pgf/basiclayer/pgfcorerdf.code.tex
File: pgfcorerdf.code.tex 2020/01/08 v3.1.5b (3.1.5b)
))) (c:/texlive/2020/texmf-dist/tex/generic/pgf/modules/pgfmoduleshapes.code.tex
File: pgfmoduleshapes.code.tex 2020/01/08 v3.1.5b (3.1.5b)
\pgfnodeparttextbox=\box72
) (c:/texlive/2020/texmf-dist/tex/generic/pgf/modules/pgfmoduleplot.code.tex
File: pgfmoduleplot.code.tex 2020/01/08 v3.1.5b (3.1.5b)
) (c:/texlive/2020/texmf-dist/tex/latex/pgf/compatibility/pgfcomp-version-0-65.sty
Package: pgfcomp-version-0-65 2020/01/08 v3.1.5b (3.1.5b)
\pgf@nodesepstart=\dimen342
\pgf@nodesepend=\dimen343
) (c:/texlive/2020/texmf-dist/tex/latex/pgf/compatibility/pgfcomp-version-1-18.sty
Package: pgfcomp-version-1-18 2020/01/08 v3.1.5b (3.1.5b)
)) (c:/texlive/2020/texmf-dist/tex/latex/pgf/utilities/pgffor.sty (c:/texlive/2020/texmf-dist/tex/latex/pgf/utilities/pgfkeys.sty (c:/texlive/2020/texmf-dist/tex/generic/pgf/utilities/pgfkeys.code.tex)) (c:/texlive/2020/texmf-dist/tex/latex/pgf/math/pgfmath.sty (c:/texlive/2020/texmf-dist/tex/generic/pgf/math/pgfmath.code.tex)) (c:/texlive/2020/texmf-dist/tex/generic/pgf/utilities/pgffor.code.tex
Package: pgffor 2020/01/08 v3.1.5b (3.1.5b)
 (c:/texlive/2020/texmf-dist/tex/generic/pgf/math/pgfmath.code.tex)
\pgffor@iter=\dimen344
\pgffor@skip=\dimen345
\pgffor@stack=\toks66
\pgffor@toks=\toks67
)) (c:/texlive/2020/texmf-dist/tex/generic/pgf/frontendlayer/tikz/tikz.code.tex
Package: tikz 2020/01/08 v3.1.5b (3.1.5b)
 (c:/texlive/2020/texmf-dist/tex/generic/pgf/libraries/pgflibraryplothandlers.code.tex
File: pgflibraryplothandlers.code.tex 2020/01/08 v3.1.5b (3.1.5b)
\pgf@plot@mark@count=\count438
\pgfplotmarksize=\dimen346
)
\tikz@lastx=\dimen347
\tikz@lasty=\dimen348
\tikz@lastxsaved=\dimen349
\tikz@lastysaved=\dimen350
\tikz@lastmovetox=\dimen351
\tikz@lastmovetoy=\dimen352
\tikzleveldistance=\dimen353
\tikzsiblingdistance=\dimen354
\tikz@figbox=\box73
\tikz@figbox@bg=\box74
\tikz@tempbox=\box75
\tikz@tempbox@bg=\box76
\tikztreelevel=\count439
\tikznumberofchildren=\count440
\tikznumberofcurrentchild=\count441
\tikz@fig@count=\count442
 (c:/texlive/2020/texmf-dist/tex/generic/pgf/modules/pgfmodulematrix.code.tex
File: pgfmodulematrix.code.tex 2020/01/08 v3.1.5b (3.1.5b)
\pgfmatrixcurrentrow=\count443
\pgfmatrixcurrentcolumn=\count444
\pgf@matrix@numberofcolumns=\count445
)
\tikz@expandcount=\count446
 (c:/texlive/2020/texmf-dist/tex/generic/pgf/frontendlayer/tikz/libraries/tikzlibrarytopaths.code.tex
File: tikzlibrarytopaths.code.tex 2020/01/08 v3.1.5b (3.1.5b)
))) (c:/texlive/2020/texmf-dist/tex/generic/pgf/frontendlayer/tikz/libraries/tikzlibrarypositioning.code.tex
File: tikzlibrarypositioning.code.tex 2020/01/08 v3.1.5b (3.1.5b)
) (c:/texlive/2020/texmf-dist/tex/generic/pgf/frontendlayer/tikz/libraries/tikzlibraryshadows.code.tex
File: tikzlibraryshadows.code.tex 2020/01/08 v3.1.5b (3.1.5b)
 (c:/texlive/2020/texmf-dist/tex/generic/pgf/frontendlayer/tikz/libraries/tikzlibraryfadings.code.tex
File: tikzlibraryfadings.code.tex 2020/01/08 v3.1.5b (3.1.5b)
 (c:/texlive/2020/texmf-dist/tex/generic/pgf/libraries/pgflibraryfadings.code.tex
File: pgflibraryfadings.code.tex 2020/01/08 v3.1.5b (3.1.5b)
)))
\c@@todonotes@numberoftodonotes=\count447
) (c:/texlive/2020/texmf-dist/tex/latex/layouts/layouts.sty
Package: layouts 2009/09/02 v2.6d graphical depiction of document elements
\l@ylen=\skip277
\layoutsbox=\box77
\l@youtunitlength=\skip278
\l@youtlinethick=\skip279
\l@youtlinethickii=\skip280
\l@ysetupparskip=\skip281
\l@ysetupbaselineskip=\skip282
\l@yonem=\skip283
\l@yonex=\skip284
\l@ylmarg=\skip285
\l@yrmarg=\skip286
\l@yitmindent=\skip287
\l@ylblwidth=\skip288
\l@ylblsep=\skip289
\l@ylparindent=\skip290
\l@ytsep=\skip291
\l@ypskip=\skip292
\l@yptsep=\skip293
\l@ypsep=\skip294
\l@yitmsep=\skip295
\l@ytok=\toks68
\l@youtpw=\count448
\l@youtph=\count449
\l@youthpi=\count450
\l@youthpii=\count451
\l@youthpiii=\count452
\l@youthpiv=\count453
\l@youthpv=\count454
\l@youthpvi=\count455
\l@youthpvii=\count456
\l@youtparskip=\count457
\l@youtvpi=\count458
\l@youtvpii=\count459
\l@youtvpiii=\count460
\l@youtvpiv=\count461
\l@youtvpv=\count462
\l@youtvpvi=\count463
\l@youtvpvii=\count464
\l@youthdo=\count465
\l@youthdi=\count466
\l@youthdii=\count467
\l@youthdiii=\count468
\l@youthdiv=\count469
\l@youthdv=\count470
\l@youthdvi=\count471
\l@youthdvii=\count472
\l@youtvdo=\count473
\l@youtvdi=\count474
\l@youtvdii=\count475
\l@youtvdiii=\count476
\l@youtvdiv=\count477
\l@youtvdv=\count478
\l@youtvdvi=\count479
\l@youtvdvii=\count480
\l@youtvdviii=\count481
\l@youtxci=\count482
\l@youtxcii=\count483
\l@youtxciii=\count484
\l@youtxciv=\count485
\l@youtxcv=\count486
\l@youtxcvi=\count487
\l@youtyci=\count488
\l@youtycii=\count489
\l@youtyciii=\count490
\l@youtyciv=\count491
\l@youtycv=\count492
\l@youtycvi=\count493
\l@youtycvii=\count494
\l@youtycviii=\count495
\l@youtxco=\count496
\l@youtyco=\count497
\l@ytempdima=\skip296
) (c:/texlive/2020/texmf-dist/tex/latex/geometry/geometry.sty
Package: geometry 2020/01/02 v5.9 Page Geometry
 (c:/texlive/2020/texmf-dist/tex/generic/iftex/ifvtex.sty
Package: ifvtex 2019/10/25 v1.7 ifvtex legacy package. Use iftex instead.
)
\Gm@cnth=\count498
\Gm@cntv=\count499
\c@Gm@tempcnt=\count500
\Gm@bindingoffset=\dimen355
\Gm@wd@mp=\dimen356
\Gm@odd@mp=\dimen357
\Gm@even@mp=\dimen358
\Gm@layoutwidth=\dimen359
\Gm@layoutheight=\dimen360
\Gm@layouthoffset=\dimen361
\Gm@layoutvoffset=\dimen362
\Gm@dimlist=\toks69
) (c:/texlive/2020/texmf-dist/tex/latex/tools/afterpage.sty
Package: afterpage 2014/10/28 v1.08 After-Page Package (DPC)
\AP@output=\toks70
\AP@partial=\box78
\AP@footins=\box79
) (c:/texlive/2020/texmf-dist/tex/latex/koma-script/typearea.sty
Package: typearea 2020/07/22 v3.31 KOMA-Script package (type area)
 (c:/texlive/2020/texmf-dist/tex/latex/koma-script/scrkbase.sty
Package: scrkbase 2020/07/22 v3.31 KOMA-Script package (KOMA-Script-dependent basics and keyval usage)
 (c:/texlive/2020/texmf-dist/tex/latex/koma-script/scrbase.sty
Package: scrbase 2020/07/22 v3.31 KOMA-Script package (KOMA-Script-independent basics and keyval usage)
 (c:/texlive/2020/texmf-dist/tex/latex/koma-script/scrlfile.sty
Package: scrlfile 2020/07/22 v3.31 KOMA-Script package (loading files)
Package scrlfile Info: class `memoir' detected.
(scrlfile)             Using a compatible redefinition of \InputIfFileExists,
(scrlfile)             but always robust and with the fix of the
(scrlfile)             argument order bug even for old versions of the
(scrlfile)             LaTeX kernel on input line 72.
)))
\ta@bcor=\skip297
\ta@div=\count501
Package typearea Info: You've used standard option `oneside'.
(typearea)             This is correct!
(typearea)             Internally I'm using `twoside=false'.
(typearea)             If you'd like to set the option with \KOMAoptions,
(typearea)             you'd have to use `twoside=false' there
(typearea)             instead of `oneside', too.
Package typearea Info: You've used standard option `a4paper'.
(typearea)             This is correct!
(typearea)             Internally I'm using `paper=a4'.
(typearea)             If you'd like to set the option with \KOMAoptions,
(typearea)             you'd have to use `paper=a4' there
(typearea)             instead of `a4paper', too.
\ta@hblk=\skip298
\ta@vblk=\skip299
\ta@temp=\skip300
\footheight=\skip301
Package typearea Info: These are the values describing the layout:
(typearea)             DIV  = 12
(typearea)             BCOR = 0.0pt
(typearea)             \paperwidth      = 597.50793pt
(typearea)              \textwidth      = 448.13095pt
(typearea)              DIV departure   = -6%
(typearea)              \evensidemargin = 2.4185pt
(typearea)              \oddsidemargin  = 2.4185pt
(typearea)             \paperheight     = 845.04694pt
(typearea)              \textheight     = 641.80614pt
(typearea)              \topmargin      = -51.33417pt
(typearea)              \headheight     = 22.49307pt
(typearea)              \headsep        = 26.99168pt
(typearea)              \topskip        = 12.0pt
(typearea)              \footskip       = 62.9806pt
(typearea)              \baselineskip   = 17.99446pt
(typearea)              on input line 1739.
)
\c@quadro=\count502
\c@loqdepth=\count503
\cftbeforequadroskip=\skip302
\cftquadroindent=\skip303
\cftquadronumwidth=\skip304
) (c:/texlive/2020/texmf-dist/tex/latex/abntex2/abntex2cite.sty
Package: abntex2cite 2018/11/24 v-1.9.7 abnTeX2
 (c:/texlive/2020/texmf-dist/tex/latex/abntex2/abntex2abrev.sty)
\minimumbiblabelwidth=\skip305
\ABCIauxlen=\skip306
\c@ABCIaux=\count504
\c@ABCImax=\count505
 (c:/texlive/2020/texmf-dist/tex/generic/iftex/ifpdf.sty
Package: ifpdf 2019/10/25 v3.4 ifpdf legacy package. Use iftex instead.
) (c:/texlive/2020/texmf-dist/tex/generic/iftex/ifxetex.sty
Package: ifxetex 2019/10/25 v0.7 ifxetex legacy package. Use iftex instead.
) (c:/texlive/2020/texmf-dist/tex/latex/relsize/relsize.sty
Package: relsize 2013/03/29 ver 4.1
)
\biblabelsep=\skip307
LaTeX Info: Redefining \newblock on input line 591.
LaTeX Info: Redefining \cite on input line 618.
\ABCItoken=\toks71
)))
\main-texto-completo@idxfile=\write5
\openout5 = `main-texto-completo.idx'.


Writing index file main-texto-completo.idx 
)
Package hyperref Info: Option `colorlinks' set `true' on input line 88.
Package csquotes Info: Checking for multilingual support...
Package csquotes Info: ... found 'babel' package.
Package csquotes Info: Adjusting default style.
Package csquotes Info: Redefining alias 'default' -> 'brazil'.

No file main-texto-completo.aux.
\openout1 = `main-texto-completo.aux'.

LaTeX Font Info:    Checking defaults for OML/cmm/m/it on input line 96.
LaTeX Font Info:    ... okay on input line 96.
LaTeX Font Info:    Checking defaults for OMS/cmsy/m/n on input line 96.
LaTeX Font Info:    ... okay on input line 96.
LaTeX Font Info:    Checking defaults for OT1/cmr/m/n on input line 96.
LaTeX Font Info:    ... okay on input line 96.
LaTeX Font Info:    Checking defaults for T1/cmr/m/n on input line 96.
LaTeX Font Info:    ... okay on input line 96.
LaTeX Font Info:    Checking defaults for TS1/cmr/m/n on input line 96.
LaTeX Font Info:    ... okay on input line 96.
LaTeX Font Info:    Checking defaults for OMX/cmex/m/n on input line 96.
LaTeX Font Info:    ... okay on input line 96.
LaTeX Font Info:    Checking defaults for U/cmr/m/n on input line 96.
LaTeX Font Info:    ... okay on input line 96.
LaTeX Font Info:    Checking defaults for PD1/pdf/m/n on input line 96.
LaTeX Font Info:    ... okay on input line 96.
\AtBeginShipoutBox=\box80
Package hyperref Info: Link coloring ON on input line 96.
(c:/texlive/2020/texmf-dist/tex/latex/hyperref/nameref.sty
Package: nameref 2019/09/16 v2.46 Cross-referencing by name of section
 (c:/texlive/2020/texmf-dist/tex/latex/refcount/refcount.sty
Package: refcount 2019/12/15 v3.6 Data extraction from label references (HO)
) (c:/texlive/2020/texmf-dist/tex/generic/gettitlestring/gettitlestring.sty
Package: gettitlestring 2019/12/15 v1.6 Cleanup title references (HO)
)
\c@section@level=\count506
)
Redoing nameref's sectioning
Redoing nameref's label
LaTeX Info: Redefining \nameref on input line 96.
LaTeX Info: Redefining \ref on input line 96.
LaTeX Info: Redefining \pageref on input line 96.
LaTeX Info: Redefining \nameref on input line 96.
\myptabbox=\box81
\myptabboxwidth=\skip308
Package lastpage Info: Please have a look at the pageslts package at
(lastpage)             https://www.ctan.org/pkg/pageslts
(lastpage)             ! on input line 96.
(c:/texlive/2020/texmf-dist/tex/context/base/mkii/supp-pdf.mkii
[Loading MPS to PDF converter (version 2006.09.02).]
\scratchcounter=\count507
\scratchdimen=\dimen363
\scratchbox=\box82
\nofMPsegments=\count508
\nofMParguments=\count509
\everyMPshowfont=\toks72
\MPscratchCnt=\count510
\MPscratchDim=\dimen364
\MPnumerator=\count511
\makeMPintoPDFobject=\count512
\everyMPtoPDFconversion=\toks73
) (c:/texlive/2020/texmf-dist/tex/latex/epstopdf-pkg/epstopdf-base.sty
Package: epstopdf-base 2020-01-24 v2.11 Base part for package epstopdf
Package epstopdf-base Info: Redefining graphics rule for `.eps' on input line 485.
 (c:/texlive/2020/texmf-dist/tex/latex/latexconfig/epstopdf-sys.cfg
File: epstopdf-sys.cfg 2010/07/13 v1.3 Configuration of (r)epstopdf for TeX Live
))
LaTeX Info: Redefining \microtypecontext on input line 96.
Package microtype Info: Generating PDF output.
Package microtype Info: Character protrusion enabled (level 2).
Package microtype Info: Using default protrusion set `alltext'.
Package microtype Info: Automatic font expansion enabled (level 2),
(microtype)             stretch: 20, shrink: 20, step: 1, non-selected.
Package microtype Info: Using default expansion set `basictext'.
LaTeX Info: Redefining \showhyphens on input line 96.
Package microtype Info: No adjustment of tracking.
Package microtype Info: No adjustment of interword spacing.
Package microtype Info: No adjustment of character kerning.
 (c:/texlive/2020/texmf-dist/tex/latex/microtype/mt-cmr.cfg
File: mt-cmr.cfg 2013/05/19 v2.2 microtype config. file: Computer Modern Roman (RS)
) (c:/texlive/2020/texmf-dist/tex/latex/pdflscape/pdflscape.sty
Package: pdflscape 2019/12/05 v0.12 Display of landscape pages in PDF (HO)
 (c:/texlive/2020/texmf-dist/tex/latex/graphics/lscape.sty
Package: lscape 2000/10/22 v3.01 Landscape Pages (DPC)
)
Package pdflscape Info: Auto-detected driver: pdftex on input line 81.
) ABD: EveryShipout initializing macros

Package todonotes Warning: The length marginparwidth is less than 2cm and will most likely cause issues with the appearance of inserted todonotes. The issue can be solved by adding a line like \setlength {\marginparwidth }{2cm} prior to loading the todonotes package. on input line 96.


Package layouts Warning: Layout scale set to 0.5 on input line 96.

*geometry* driver: auto-detecting
*geometry* detected driver: pdftex
*geometry* verbose mode - [ preamble ] result:
* driver: pdftex
* paper: a4paper
* layout: <same size as paper>
* layoutoffset:(h,v)=(0.0pt,0.0pt)
* modes: 
* h-part:(L,W,R)=(89.62709pt, 418.25368pt, 89.6271pt)
* v-part:(T,H,B)=(101.40665pt, 591.5302pt, 152.11pt)
* \paperwidth=597.50793pt
* \paperheight=845.04694pt
* \textwidth=455.24417pt
* \textheight=702.78317pt
* \oddsidemargin=2.4185pt
* \evensidemargin=2.4185pt
* \topmargin=-51.33417pt
* \headheight=22.49307pt
* \headsep=26.99168pt
* \topskip=12.0pt
* \footskip=62.9806pt
* \marginparwidth=49.79233pt
* \marginparsep=12.8401pt
* \columnsep=10.0pt
* \skip\footins=12.0pt plus 4.0pt minus 4.0pt
* \hoffset=0.0pt
* \voffset=0.0pt
* \mag=1000
* \@twocolumnfalse
* \@twosidefalse
* \@mparswitchfalse
* \@reversemarginfalse
* (1in=72.27pt=25.4mm, 1cm=28.453pt)

(./00-info.tex
LaTeX Font Info:    Trying to load font information for OT1+lmr on input line 6.
 (c:/texlive/2020/texmf-dist/tex/latex/lm/ot1lmr.fd
File: ot1lmr.fd 2009/10/30 v1.6 Font defs for Latin Modern
)
LaTeX Font Info:    Trying to load font information for OML+lmm on input line 6.
 (c:/texlive/2020/texmf-dist/tex/latex/lm/omllmm.fd
File: omllmm.fd 2009/10/30 v1.6 Font defs for Latin Modern
)
LaTeX Font Info:    Trying to load font information for OMS+lmsy on input line 6.
 (c:/texlive/2020/texmf-dist/tex/latex/lm/omslmsy.fd
File: omslmsy.fd 2009/10/30 v1.6 Font defs for Latin Modern
)
LaTeX Font Info:    Trying to load font information for OMX+lmex on input line 6.
 (c:/texlive/2020/texmf-dist/tex/latex/lm/omxlmex.fd
File: omxlmex.fd 2009/10/30 v1.6 Font defs for Latin Modern
)
LaTeX Font Info:    External font `lmex10' loaded for size
(Font)              <12> on input line 6.
LaTeX Font Info:    External font `lmex10' loaded for size
(Font)              <8> on input line 6.
LaTeX Font Info:    External font `lmex10' loaded for size
(Font)              <6> on input line 6.
Package hyperref Info: bookmark level for unknown todo defaults to 0 on input line 7.

Overfull \hbox (3.21654pt too wide) in paragraph at lines 7--7
[][][]\T1/lmr/m/n/12 (-20) Remover 
 []


Overfull \hbox (3.21654pt too wide) in paragraph at lines 7--7
[][][]\T1/lmr/m/n/12 (-20) Remover 
 []

[1
Non-PDF special ignored!
<special> header=pstricks.pro
Non-PDF special ignored!
<special> header=pst-algparser.pro
Non-PDF special ignored!
<special> header=pst-tools.pro
Non-PDF special ignored!
<special> header=pst-dots.pro
Non-PDF special ignored!
<special> header=pst-barcode.pro

Non-PDF special ignored!
<special> ps: /pssetRGBcolor /setrgbcolor load def /pssetCMYKcolor /setcmyk...
Non-PDF special ignored!
<special> ps:tx@Dict begin  gsave STV CP T /ps@rot 0 def grestore  end
Non-PDF special ignored!
<special> ps:tx@Dict begin  gsave STV CP T /ps@refangle 0.  def grestore  e...
{c:/texlive/2020/texmf-var/fonts/map/pdftex/updmap/pdftex.map}])
LaTeX Font Info:    Trying to load font information for T1+lmss on input line 107.
 (c:/texlive/2020/texmf-dist/tex/latex/lm/t1lmss.fd
File: t1lmss.fd 2009/10/30 v1.6 Font defs for Latin Modern
)
Package microtype Info: Loading generic protrusion settings for font family
(microtype)             `lmss' (encoding: T1).
(microtype)             For optimal results, create family-specific settings.
(microtype)             See the microtype manual for details.


Package hyperref Warning: old tdo file detected, not used; run LaTeX again.

[2

]
LaTeX Font Info:    External font `lmex10' loaded for size
(Font)              <14.4> on input line 118.
LaTeX Font Info:    External font `lmex10' loaded for size
(Font)              <10> on input line 118.
LaTeX Font Info:    External font `lmex10' loaded for size
(Font)              <7> on input line 118.
pdfTeX warning (ext4): destination with the same identifier (name{page.1}) has been already used, duplicate ignored
<to be read again> 
                   \relax 
l.118 \imprimircapa
                    [1]
\c@todocounter=\count513
pdfTeX warning (ext4): destination with the same identifier (name{page.1}) has been already used, duplicate ignored
<to be read again> 
                   \relax 
l.142 
       [1


]
Package marginnote Info: Using workaround for absolute page number on input line 142.
pdfTeX warning (ext4): destination with the same identifier (name{page.2}) has been already used, duplicate ignored
<to be read again> 
                   \relax 
l.142 
       [2

] (./pre-dedicatoria.tex [3

]) (./pre-agradecimentos.tex
LaTeX Font Info:    External font `lmex10' loaded for size
(Font)              <5> on input line 10.
 [4


]) (./pre-epigrafe.tex [5

]) (./pre-resumos.tex

LaTeX Warning: Citation `NBR6028:2003' on page 6 undefined on input line 9.

[6

]
Overfull \hbox (3.61514pt too wide) in paragraph at lines 19--19
\T1/lmr/m/n/12 (-20) traduo 
 []


Overfull \hbox (3.61514pt too wide) in paragraph at lines 19--19
\T1/lmr/m/n/12 (-20) traduo 
 []


Overfull \hbox (3.61516pt too wide) in paragraph at lines 19--19
\T1/lmr/m/n/12 (-20) tomtica[]  
 []


Overfull \hbox (3.61514pt too wide) in paragraph at lines 19--19
\T1/lmr/m/n/12 (-20) traduo 
 []


Overfull \hbox (3.61514pt too wide) in paragraph at lines 19--19
\T1/lmr/m/n/12 (-20) traduo 
 []


Overfull \hbox (3.61516pt too wide) in paragraph at lines 19--19
\T1/lmr/m/n/12 (-20) tomtica[]  
 []

[7

]) [8

] [9

]

Package hyperref Warning: old loq file detected, not used; run LaTeX again.

[10

] (./pre-siglas.tex

Package glossaries Warning: Empty glossary for \printnoidxglossary[type={acronym}]. Rerun may be required (or you may have forgotten to use commands like \gls) on input line 13.

[11



]) (./pre-simbolos.tex [12

] [13

]) [14

] (./textos-introducao.tex [15


] [16]) (./textos-revisao-literatura.tex [17] [18

] [19]) [20] (./textos-desenvolvimento.tex [21] [22

] [23] [24

] [25] [26] [27] [28

] [29] [30] [31] [32

] [33] [34]) (./exemplos/exemplos.tex [35]
LaTeX Font Info:    External font `lmex10' loaded for size
(Font)              <24.88> on input line 1.
LaTeX Font Info:    External font `lmex10' loaded for size
(Font)              <20.74> on input line 1.
LaTeX Font Info:    External font `lmex10' loaded for size
(Font)              <17.28> on input line 1.

Overfull \hbox (2.86316pt too wide) in paragraph at lines 12--13
[]\T1/lmr/m/n/12 (-20) Escolha seu edi-tor : [][]$<[]https : / / en . wikipedia . org / wiki / Comparison _ of _ TeX _ editors>[]$[][] 
 []

(./exemplos/abnt.tex
LaTeX Font Info:    Trying to load font information for TS1+lmr on input line 5.
 (c:/texlive/2020/texmf-dist/tex/latex/lm/ts1lmr.fd
File: ts1lmr.fd 2009/10/30 v1.6 Font defs for Latin Modern
)

Package glossaries-extra Warning: Base acronym command \acrshort should not be used with new abbreviation definitions. Use \glsxtrshort instead on input line 7.

) [36

] (./exemplos/referencias.tex

LaTeX Warning: Citation `UML:JACOBSON' on page 37 undefined on input line 6.


LaTeX Warning: Citation `POWELL:2006' on page 37 undefined on input line 6.


LaTeX Warning: Citation `SCRUMGUIDE:2013' on page 37 undefined on input line 7.


LaTeX Warning: Citation `urani1994' on page 37 undefined on input line 7.


LaTeX Warning: Citation `ETAL5' on page 37 undefined on input line 8.


LaTeX Warning: Citation `ETAL4' on page 37 undefined on input line 8.

[37]

LaTeX Warning: Citation `UML:JACOBSON' on page 38 undefined on input line 12.


LaTeX Warning: Citation `POWELL:2006' on page 38 undefined on input line 12.


LaTeX Warning: Citation `SCRUMGUIDE:2013' on page 38 undefined on input line 13.


LaTeX Warning: Citation `urani1994' on page 38 undefined on input line 13.


LaTeX Warning: Citation `ETAL5' on page 38 undefined on input line 14.


LaTeX Warning: Citation `ETAL4' on page 38 undefined on input line 14.


LaTeX Warning: Citation `UML:JACOBSON' on page 38 undefined on input line 16.


LaTeX Warning: Citation `POWELL:2006' on page 38 undefined on input line 16.


LaTeX Warning: Citation `SCRUMGUIDE:2013' on page 38 undefined on input line 17.


LaTeX Warning: Citation `urani1994' on page 38 undefined on input line 17.


LaTeX Warning: Citation `ETAL5' on page 38 undefined on input line 18.


LaTeX Warning: Citation `ETAL4' on page 38 undefined on input line 18.


LaTeX Warning: Citation `UML:JACOBSON' on page 38 undefined on input line 20.


LaTeX Warning: Citation `POWELL:2006' on page 38 undefined on input line 20.


LaTeX Warning: Citation `SCRUMGUIDE:2013' on page 38 undefined on input line 21.


LaTeX Warning: Citation `urani1994' on page 38 undefined on input line 21.


LaTeX Warning: Citation `ETAL5' on page 38 undefined on input line 22.


LaTeX Warning: Citation `ETAL4' on page 38 undefined on input line 22.


Overfull \hbox (11.1416pt too wide) in paragraph at lines 26--27
[][][]$\T1/lmr/m/n/12 (-20) <[]http : / / mirrors . ibiblio . org / CTAN / macros / latex / contrib / abntex2 / doc / abntex2cite-[]alf .
 []


LaTeX Warning: Citation `SCRUMGUIDE:2013' on page 38 undefined on input line 31.


LaTeX Warning: Citation `SCRUMGUIDE:2013' on page 38 undefined on input line 32.


LaTeX Warning: Citation `SCRUMGUIDE:2013' on page 38 undefined on input line 33.

[38]

Package glossaries-extra Warning: Base acronym command \acrshort should not be used with new abbreviation definitions. Use \glsxtrshort instead on input line 51.


Package glossaries-extra Warning: Base acronym command \acrlong should not be used with new abbreviation definitions. Use \glsxtrlong instead on input line 52.

)

LaTeX Warning: Reference `fig_logo_A3' on page 39 undefined on input line 78.


LaTeX Warning: Reference `fig_logo_A3' on page 39 undefined on input line 78.

(./exemplos/tabelas.tex

LaTeX Warning: Citation `NBR14724:2011' on page 39 undefined on input line 2.

[39]

LaTeX Warning: Reference `quadro-exemplo' on page 40 undefined on input line 12.


Underfull \hbox (badness 1721) in paragraph at lines 22--22
[]|\T1/lmr/bx/n/10 Sistemas de
 []


LaTeX Warning: Reference `tab-exemplo' on page 40 undefined on input line 38.


LaTeX Warning: Reference `eq-pythagoras' on page 40 undefined on input line 65.

) (./exemplos/figuras.tex

LaTeX Warning: Reference `fig_circulo' on page 40 undefined on input line 7.


LaTeX Warning: Reference `fig_logo' on page 40 undefined on input line 7.

[40]

LaTeX Warning: Reference `diagramauml' on page 41 undefined on input line 11.


LaTeX Warning: Reference `sec_figuras' on page 41 undefined on input line 16.

<ifsp-spo/logo-02.jpg, id=370, 420.8523pt x 132.9768pt>
File: ifsp-spo/logo-02.jpg Graphic file (type jpg)
<use ifsp-spo/logo-02.jpg>
Package pdftex.def Info: ifsp-spo/logo-02.jpg  used on input line 57.
(pdftex.def)             Requested size: 420.85127pt x 132.97647pt.

LaTeX Warning: Reference `fig_diag_virado' on page 41 undefined on input line 111.


LaTeX Warning: Reference `fig_diag_virado' on page 41 undefined on input line 113.


LaTeX Warning: Reference `fig_diag_virado' on page 41 undefined on input line 113.

<exemplos/exemplo_diag_horizontal.png, id=375, 1187.43625pt x 670.505pt>
File: exemplos/exemplo_diag_horizontal.png Graphic file (type png)
<use exemplos/exemplo_diag_horizontal.png>
Package pdftex.def Info: exemplos/exemplo_diag_horizontal.png  used on input line 117.
(pdftex.def)             Requested size: 632.50056pt x 357.16663pt.

LaTeX Warning: Citation `openehrCompositionEntry' on page 41 undefined on input line 119.


LaTeX Warning: Citation `openehrCompositionEntry' on page 41 undefined on input line 119.

) (./exemplos/todo.tex

LaTeX Warning: Reference `manual-todonotes' on page 41 undefined on input line 3.

[41] [42 <./ifsp-spo/logo-02.jpg>]) (./exemplos/qrcode.tex

LaTeX Warning: Reference `qr-url-1' on page 43 undefined on input line 6.


LaTeX Warning: Reference `qr-url-2' on page 43 undefined on input line 6.

./exemplos/qrcode.tex:18: Undefined control sequence.
\c@lor@to@ps ->\PSTricks 
                         _Not_Configured_For_This_Format
l.18 ...s}{eclevel=H width=1.0 height=1.0}{qrcode}
                                                  
The control sequence at the end of the top line
of your error message was never \def'ed. If you have
misspelled it (e.g., `\hobx'), type `I' and the correct
spelling (e.g., `I\hbox'). Otherwise just continue,
and I'll forget about whatever was undefined.

./exemplos/qrcode.tex:18: Undefined control sequence.
\XC@usec@lor ...string \color@ #1#2\endcsname \@@ 
                                                  \fi \space 
l.18 ...s}{eclevel=H width=1.0 height=1.0}{qrcode}
                                                  
The control sequence at the end of the top line
of your error message was never \def'ed. If you have
misspelled it (e.g., `\hobx'), type `I' and the correct
spelling (e.g., `I\hbox'). Otherwise just continue,
and I'll forget about whatever was undefined.

./exemplos/qrcode.tex:32: Undefined control sequence.
\c@lor@to@ps ->\PSTricks 
                         _Not_Configured_For_This_Format
l.32 ...p}{eclevel=H width=1.0 height=1.0}{qrcode}
                                                  
The control sequence at the end of the top line
of your error message was never \def'ed. If you have
misspelled it (e.g., `\hobx'), type `I' and the correct
spelling (e.g., `I\hbox'). Otherwise just continue,
and I'll forget about whatever was undefined.

./exemplos/qrcode.tex:32: Undefined control sequence.
\XC@usec@lor ...string \color@ #1#2\endcsname \@@ 
                                                  \fi \space 
l.32 ...p}{eclevel=H width=1.0 height=1.0}{qrcode}
                                                  
The control sequence at the end of the top line
of your error message was never \def'ed. If you have
misspelled it (e.g., `\hobx'), type `I' and the correct
spelling (e.g., `I\hbox'). Otherwise just continue,
and I'll forget about whatever was undefined.

) (./exemplos/exemploA3.tex

LaTeX Warning: Reference `fig_logo_A3' on page 43 undefined on input line 6.


LaTeX Warning: Reference `fig_logo' on page 43 undefined on input line 6.

)) (./textos-conclusao.tex [43] [44 <./exemplos/exemplo_diag_horizontal.png (PNG copy)>] [45
Non-PDF special ignored!
<special> "  tx@Dict begin STP newpath 0.8 SLW _Not_Configured_For_This_For...
Non-PDF special ignored!
<special> "  tx@Dict begin STP newpath 0.8 SLW _Not_Configured_For_This_For...
]

Package typearea Warning: \typearea used at group level 3.
(typearea)                Using \typearea inside any group, e.g.
(typearea)                environments, math mode, boxes, etc. may result in
(typearea)                many type setting problems.
(typearea)                You should move the command \typearea
(typearea)                outside all groups on input line 4.


Package typearea Warning: Bad type area settings!
(typearea)                The detected line width is about 141%
(typearea)                larger than the heuristically estimated maximum
(typearea)                limit of typographical good line width.
(typearea)                You should e.g. decrease DIV, (increase fontsize)
(typearea)                or change papersize.

Package typearea Info: These are the values describing the layout:
(typearea)             DIV  = 18
(typearea)             BCOR = 0.0pt
(typearea)             \paperwidth      = 1195.01587pt
(typearea)              \textwidth      = 995.84656pt
(typearea)              DIV departure   = -141%
(typearea)              \evensidemargin = 27.31467pt
(typearea)              \oddsidemargin  = 27.31467pt
(typearea)             \paperheight     = 845.04694pt
(typearea)              \textheight     = 713.78398pt
(typearea)              \topmargin      = -74.8077pt
(typearea)              \headheight     = 22.49307pt
(typearea)              \headsep        = 26.99168pt
(typearea)              \topskip        = 12.0pt
(typearea)              \footskip       = 62.9806pt
(typearea)              \baselineskip   = 17.99446pt
(typearea)              on input line 4.
Package typearea Info: Using dirty hack to recalculate internal output
(typearea)             dimensions of LaTeX on input line 4.

Package typearea Warning: \typearea used at group level 3.
(typearea)                Using \typearea inside any group, e.g.
(typearea)                environments, math mode, boxes, etc. may result in
(typearea)                many type setting problems.
(typearea)                You should move the command \typearea
(typearea)                outside all groups on input line 4.


Package typearea Warning: Bad type area settings!
(typearea)                The detected line width is about 141%
(typearea)                larger than the heuristically estimated maximum
(typearea)                limit of typographical good line width.
(typearea)                You should e.g. decrease DIV, (increase fontsize)
(typearea)                or change papersize.

Package typearea Info: These are the values describing the layout:
(typearea)             DIV  = 18
(typearea)             BCOR = 0.0pt
(typearea)             \paperwidth      = 1195.01587pt
(typearea)              \textwidth      = 995.84656pt
(typearea)              DIV departure   = -141%
(typearea)              \evensidemargin = 27.31467pt
(typearea)              \oddsidemargin  = 27.31467pt
(typearea)             \paperheight     = 845.04694pt
(typearea)              \textheight     = 713.78398pt
(typearea)              \topmargin      = -74.8077pt
(typearea)              \headheight     = 22.49307pt
(typearea)              \headsep        = 26.99168pt
(typearea)              \topskip        = 12.0pt
(typearea)              \footskip       = 62.9806pt
(typearea)              \baselineskip   = 17.99446pt
(typearea)              on input line 4.
Package typearea Info: Using dirty hack to recalculate internal output
(typearea)             dimensions of LaTeX on input line 4.
File: ifsp-spo/logo-02.jpg Graphic file (type jpg)
<use ifsp-spo/logo-02.jpg>
Package pdftex.def Info: ifsp-spo/logo-02.jpg  used on input line 4.
(pdftex.def)             Requested size: 1038.77107pt x 328.22072pt.

Overfull \hbox (53.64111pt too wide) in paragraph at lines 4--4
 [][][][] 
 []

[46]

Package typearea Warning: \typearea used at group level 3.
(typearea)                Using \typearea inside any group, e.g.
(typearea)                environments, math mode, boxes, etc. may result in
(typearea)                many type setting problems.
(typearea)                You should move the command \typearea
(typearea)                outside all groups on input line 4.


Package typearea Warning: Bad type area settings!
(typearea)                The detected line width is about 69%
(typearea)                larger than the heuristically estimated maximum
(typearea)                limit of typographical good line width.
(typearea)                You should e.g. decrease DIV, (increase fontsize)
(typearea)                or change papersize.

Package typearea Info: These are the values describing the layout:
(typearea)             DIV  = 18
(typearea)             BCOR = 0.0pt
(typearea)             \paperwidth      = 845.04694pt
(typearea)              \textwidth      = 704.20578pt
(typearea)              DIV departure   = -69%
(typearea)              \evensidemargin = -1.84941pt
(typearea)              \oddsidemargin  = -1.84941pt
(typearea)             \paperheight     = 597.50793pt
(typearea)              \textheight     = 515.84491pt
(typearea)              \topmargin      = -88.55986pt
(typearea)              \headheight     = 22.49307pt
(typearea)              \headsep        = 26.99168pt
(typearea)              \topskip        = 12.0pt
(typearea)              \footskip       = 62.9806pt
(typearea)              \baselineskip   = 17.99446pt
(typearea)              on input line 4.
Package typearea Info: Using dirty hack to recalculate internal output
(typearea)             dimensions of LaTeX on input line 4.

Package typearea Warning: page content and margins higher than paper.
(typearea)                This may result in page footer out of paper.
(typearea)                You should decrease DIV, decrease foot height,
(typearea)                or include footer into type area.

)
No file main-texto-completo.bbl.
(./pos-glossario.tex [47



]

Package glossaries Warning: Empty glossary for \printnoidxglossary[type={main}]. Rerun may be required (or you may have forgotten to use commands like \gls) on input line 10.

) (./pos-apendices.tex [48


]

Package hyperref Warning: Token not allowed in a PDF string (PDFDocEncoding):
(hyperref)                removing `\uppercase' on input line 13.

[49


] [50

]) (./pos-anexos.tex [51

]

Package hyperref Warning: Token not allowed in a PDF string (PDFDocEncoding):
(hyperref)                removing `\uppercase' on input line 13.

[52


]
<anexos/todonotes.pdf, id=463, 614.295pt x 794.97pt>
File: anexos/todonotes.pdf Graphic file (type pdf)
<use anexos/todonotes.pdf>
Package pdftex.def Info: anexos/todonotes.pdf  used on input line 20.
(pdftex.def)             Requested size: 614.29349pt x 794.96806pt.
File: anexos/todonotes.pdf Graphic file (type pdf)
<use anexos/todonotes.pdf>
Package pdftex.def Info: anexos/todonotes.pdf  used on input line 20.
(pdftex.def)             Requested size: 614.29349pt x 794.96806pt.
<anexos/todonotes.pdf, id=466, page=1, 614.295pt x 794.97pt>
File: anexos/todonotes.pdf Graphic file (type pdf)
<use anexos/todonotes.pdf, page 1>
Package pdftex.def Info: anexos/todonotes.pdf , page1 used on input line 20.
(pdftex.def)             Requested size: 614.29349pt x 794.96806pt.
File: anexos/todonotes.pdf Graphic file (type pdf)
<use anexos/todonotes.pdf, page 1>
Package pdftex.def Info: anexos/todonotes.pdf , page1 used on input line 20.
(pdftex.def)             Requested size: 491.43666pt x 635.97687pt.
 [53

]
File: anexos/todonotes.pdf Graphic file (type pdf)
<use anexos/todonotes.pdf, page 1>
Package pdftex.def Info: anexos/todonotes.pdf , page1 used on input line 20.
(pdftex.def)             Requested size: 491.43666pt x 635.97687pt.
File: anexos/todonotes.pdf Graphic file (type pdf)
<use anexos/todonotes.pdf, page 1>
Package pdftex.def Info: anexos/todonotes.pdf , page1 used on input line 20.
(pdftex.def)             Requested size: 491.43666pt x 635.97687pt.
File: anexos/todonotes.pdf Graphic file (type pdf)
<use anexos/todonotes.pdf, page 1>
Package pdftex.def Info: anexos/todonotes.pdf , page1 used on input line 20.
(pdftex.def)             Requested size: 491.43666pt x 635.97687pt.
 [54 <./anexos/todonotes.pdf>]
<anexos/todonotes.pdf, id=547, page=2, 614.295pt x 794.97pt>
File: anexos/todonotes.pdf Graphic file (type pdf)
<use anexos/todonotes.pdf, page 2>
Package pdftex.def Info: anexos/todonotes.pdf , page2 used on input line 20.
(pdftex.def)             Requested size: 491.43666pt x 635.97687pt.
File: anexos/todonotes.pdf Graphic file (type pdf)
<use anexos/todonotes.pdf, page 2>
Package pdftex.def Info: anexos/todonotes.pdf , page2 used on input line 20.
(pdftex.def)             Requested size: 491.43666pt x 635.97687pt.
File: anexos/todonotes.pdf Graphic file (type pdf)
<use anexos/todonotes.pdf, page 2>
Package pdftex.def Info: anexos/todonotes.pdf , page2 used on input line 20.
(pdftex.def)             Requested size: 491.43666pt x 635.97687pt.
 [55 <./anexos/todonotes.pdf>]
<anexos/todonotes.pdf, id=562, page=3, 614.295pt x 794.97pt>
File: anexos/todonotes.pdf Graphic file (type pdf)
<use anexos/todonotes.pdf, page 3>
Package pdftex.def Info: anexos/todonotes.pdf , page3 used on input line 20.
(pdftex.def)             Requested size: 491.43666pt x 635.97687pt.
File: anexos/todonotes.pdf Graphic file (type pdf)
<use anexos/todonotes.pdf, page 3>
Package pdftex.def Info: anexos/todonotes.pdf , page3 used on input line 20.
(pdftex.def)             Requested size: 491.43666pt x 635.97687pt.
File: anexos/todonotes.pdf Graphic file (type pdf)
<use anexos/todonotes.pdf, page 3>
Package pdftex.def Info: anexos/todonotes.pdf , page3 used on input line 20.
(pdftex.def)             Requested size: 491.43666pt x 635.97687pt.
 [56 <./anexos/todonotes.pdf>]
<anexos/pdfpages.pdf, id=568, 597.50829pt x 845.0471pt>
File: anexos/pdfpages.pdf Graphic file (type pdf)
<use anexos/pdfpages.pdf>
Package pdftex.def Info: anexos/pdfpages.pdf  used on input line 24.
(pdftex.def)             Requested size: 597.50682pt x 845.04504pt.
File: anexos/pdfpages.pdf Graphic file (type pdf)
<use anexos/pdfpages.pdf>
Package pdftex.def Info: anexos/pdfpages.pdf  used on input line 24.
(pdftex.def)             Requested size: 597.50682pt x 845.04504pt.
<anexos/pdfpages.pdf, id=571, page=1, 597.50829pt x 845.0471pt>
File: anexos/pdfpages.pdf Graphic file (type pdf)
<use anexos/pdfpages.pdf, page 1>
Package pdftex.def Info: anexos/pdfpages.pdf , page1 used on input line 24.
(pdftex.def)             Requested size: 597.50682pt x 845.04504pt.
File: anexos/pdfpages.pdf Graphic file (type pdf)
<use anexos/pdfpages.pdf, page 1>
Package pdftex.def Info: anexos/pdfpages.pdf , page1 used on input line 24.
(pdftex.def)             Requested size: 418.25294pt x 591.52895pt.
File: anexos/pdfpages.pdf Graphic file (type pdf)
<use anexos/pdfpages.pdf, page 1>
Package pdftex.def Info: anexos/pdfpages.pdf , page1 used on input line 24.
(pdftex.def)             Requested size: 418.25294pt x 591.52895pt.
File: anexos/pdfpages.pdf Graphic file (type pdf)
<use anexos/pdfpages.pdf, page 1>
Package pdftex.def Info: anexos/pdfpages.pdf , page1 used on input line 24.
(pdftex.def)             Requested size: 418.25294pt x 591.52895pt.
File: anexos/pdfpages.pdf Graphic file (type pdf)
<use anexos/pdfpages.pdf, page 1>
Package pdftex.def Info: anexos/pdfpages.pdf , page1 used on input line 24.
(pdftex.def)             Requested size: 418.25294pt x 591.52895pt.
 [57

 <./anexos/pdfpages.pdf>]
File: anexos/pdfpages.pdf Graphic file (type pdf)
<use anexos/pdfpages.pdf>
Package pdftex.def Info: anexos/pdfpages.pdf  used on input line 25.
(pdftex.def)             Requested size: 597.50682pt x 845.04504pt.
File: anexos/pdfpages.pdf Graphic file (type pdf)
<use anexos/pdfpages.pdf>
Package pdftex.def Info: anexos/pdfpages.pdf  used on input line 25.
(pdftex.def)             Requested size: 597.50682pt x 845.04504pt.
<anexos/pdfpages.pdf, id=624, page=2, 597.50829pt x 845.0471pt>
File: anexos/pdfpages.pdf Graphic file (type pdf)
<use anexos/pdfpages.pdf, page 2>
Package pdftex.def Info: anexos/pdfpages.pdf , page2 used on input line 25.
(pdftex.def)             Requested size: 597.50682pt x 845.04504pt.
File: anexos/pdfpages.pdf Graphic file (type pdf)
<use anexos/pdfpages.pdf, page 2>
Package pdftex.def Info: anexos/pdfpages.pdf , page2 used on input line 25.
(pdftex.def)             Requested size: 478.00728pt x 676.0386pt.
File: anexos/pdfpages.pdf Graphic file (type pdf)
<use anexos/pdfpages.pdf, page 2>
Package pdftex.def Info: anexos/pdfpages.pdf , page2 used on input line 25.
(pdftex.def)             Requested size: 478.00728pt x 676.0386pt.
File: anexos/pdfpages.pdf Graphic file (type pdf)
<use anexos/pdfpages.pdf, page 2>
Package pdftex.def Info: anexos/pdfpages.pdf , page2 used on input line 25.
(pdftex.def)             Requested size: 478.00728pt x 676.0386pt.
File: anexos/pdfpages.pdf Graphic file (type pdf)
<use anexos/pdfpages.pdf, page 2>
Package pdftex.def Info: anexos/pdfpages.pdf , page2 used on input line 25.
(pdftex.def)             Requested size: 478.00728pt x 676.0386pt.
 [58 <./anexos/pdfpages.pdf>]
<anexos/pdfpages.pdf, id=648, page=3, 597.50829pt x 845.0471pt>
File: anexos/pdfpages.pdf Graphic file (type pdf)
<use anexos/pdfpages.pdf, page 3>
Package pdftex.def Info: anexos/pdfpages.pdf , page3 used on input line 25.
(pdftex.def)             Requested size: 478.00728pt x 676.0386pt.
File: anexos/pdfpages.pdf Graphic file (type pdf)
<use anexos/pdfpages.pdf, page 3>
Package pdftex.def Info: anexos/pdfpages.pdf , page3 used on input line 25.
(pdftex.def)             Requested size: 478.00728pt x 676.0386pt.
File: anexos/pdfpages.pdf Graphic file (type pdf)
<use anexos/pdfpages.pdf, page 3>
Package pdftex.def Info: anexos/pdfpages.pdf , page3 used on input line 25.
(pdftex.def)             Requested size: 478.00728pt x 676.0386pt.
 [59 <./anexos/pdfpages.pdf>]
<anexos/acronym.pdf, id=653, 597.50829pt x 845.0471pt>
File: anexos/acronym.pdf Graphic file (type pdf)
<use anexos/acronym.pdf>
Package pdftex.def Info: anexos/acronym.pdf  used on input line 31.
(pdftex.def)             Requested size: 597.50682pt x 845.04504pt.
File: anexos/acronym.pdf Graphic file (type pdf)
<use anexos/acronym.pdf>
Package pdftex.def Info: anexos/acronym.pdf  used on input line 31.
(pdftex.def)             Requested size: 597.50682pt x 845.04504pt.
<anexos/acronym.pdf, id=656, page=1, 597.50829pt x 845.0471pt>
File: anexos/acronym.pdf Graphic file (type pdf)
<use anexos/acronym.pdf, page 1>
Package pdftex.def Info: anexos/acronym.pdf , page1 used on input line 31.
(pdftex.def)             Requested size: 597.50682pt x 845.04504pt.
File: anexos/acronym.pdf Graphic file (type pdf)
<use anexos/acronym.pdf, page 1>
Package pdftex.def Info: anexos/acronym.pdf , page1 used on input line 31.
(pdftex.def)             Requested size: 597.53416pt x 845.08372pt.
 [60

]
File: anexos/acronym.pdf Graphic file (type pdf)
<use anexos/acronym.pdf, page 1>
Package pdftex.def Info: anexos/acronym.pdf , page1 used on input line 31.
(pdftex.def)             Requested size: 597.53416pt x 845.08372pt.
File: anexos/acronym.pdf Graphic file (type pdf)
<use anexos/acronym.pdf, page 1>
Package pdftex.def Info: anexos/acronym.pdf , page1 used on input line 31.
(pdftex.def)             Requested size: 597.53416pt x 845.08372pt.
File: anexos/acronym.pdf Graphic file (type pdf)
<use anexos/acronym.pdf, page 1>
Package pdftex.def Info: anexos/acronym.pdf , page1 used on input line 31.
(pdftex.def)             Requested size: 597.53416pt x 845.08372pt.
 [61 <./anexos/acronym.pdf>]
<anexos/acronym.pdf, id=703, page=2, 597.50829pt x 845.0471pt>
File: anexos/acronym.pdf Graphic file (type pdf)
<use anexos/acronym.pdf, page 2>
Package pdftex.def Info: anexos/acronym.pdf , page2 used on input line 31.
(pdftex.def)             Requested size: 597.53416pt x 845.08372pt.
File: anexos/acronym.pdf Graphic file (type pdf)
<use anexos/acronym.pdf, page 2>
Package pdftex.def Info: anexos/acronym.pdf , page2 used on input line 31.
(pdftex.def)             Requested size: 597.53416pt x 845.08372pt.
File: anexos/acronym.pdf Graphic file (type pdf)
<use anexos/acronym.pdf, page 2>
Package pdftex.def Info: anexos/acronym.pdf , page2 used on input line 31.
(pdftex.def)             Requested size: 597.53416pt x 845.08372pt.
 [62 <./anexos/acronym.pdf>]
<anexos/acronym.pdf, id=708, page=3, 597.50829pt x 845.0471pt>
File: anexos/acronym.pdf Graphic file (type pdf)
<use anexos/acronym.pdf, page 3>
Package pdftex.def Info: anexos/acronym.pdf , page3 used on input line 31.
(pdftex.def)             Requested size: 597.53416pt x 845.08372pt.
File: anexos/acronym.pdf Graphic file (type pdf)
<use anexos/acronym.pdf, page 3>
Package pdftex.def Info: anexos/acronym.pdf , page3 used on input line 31.
(pdftex.def)             Requested size: 597.53416pt x 845.08372pt.
File: anexos/acronym.pdf Graphic file (type pdf)
<use anexos/acronym.pdf, page 3>
Package pdftex.def Info: anexos/acronym.pdf , page3 used on input line 31.
(pdftex.def)             Requested size: 597.53416pt x 845.08372pt.
 [63 <./anexos/acronym.pdf>])
No file main-texto-completo.ind.

Package lastpage Warning: Rerun to get the references right on input line 251.


AED: lastpage setting LastPage
[64

]
\tf@tdo=\write6
\openout6 = `main-texto-completo.tdo'.

\tf@lof=\write7
\openout7 = `main-texto-completo.lof'.

\tf@lot=\write8
\openout8 = `main-texto-completo.lot'.

\tf@loq=\write9
\openout9 = `main-texto-completo.loq'.

\tf@toc=\write10
\openout10 = `main-texto-completo.toc'.

Package atveryend Info: Empty hook `BeforeClearDocument' on input line 251.
Package atveryend Info: Empty hook `AfterLastShipout' on input line 251.
 (./main-texto-completo.aux)
Package atveryend Info: Executing hook `AtVeryEndDocument' on input line 251.
Package atveryend Info: Empty hook `AtEndAfterFileList' on input line 251.


LaTeX Warning: There were undefined references.


LaTeX Warning: Label(s) may have changed. Rerun to get cross-references right.

Package atveryend Info: Empty hook `AtVeryVeryEnd' on input line 251.
 ) 
Here is how much of TeX's memory you used:
 38342 strings out of 480893
 695007 string characters out of 5911972
 1478247 words of memory out of 5000000
 52818 multiletter control sequences out of 15000+600000
 633925 words of font info for 138 fonts, out of 8000000 for 9000
 1141 hyphenation exceptions out of 8191
 99i,20n,103p,2321b,1134s stack positions out of 5000i,500n,10000p,200000b,80000s
pdfTeX warning (dest): name{glo:qr} has been referenced but does not exist, replaced by a fixed one

pdfTeX warning (dest): name{glo:jpeg} has been referenced but does not exist, replaced by a fixed one

pdfTeX warning (dest): name{glo:png} has been referenced but does not exist, replaced by a fixed one

pdfTeX warning (dest): name{glo:ibge} has been referenced but does not exist, replaced by a fixed one

pdfTeX warning (dest): name{glo:se} has been referenced but does not exist, replaced by a fixed one

pdfTeX warning (dest): name{glo:tag} has been referenced but does not exist, replaced by a fixed one

pdfTeX warning (dest): name{glo:faq} has been referenced but does not exist, replaced by a fixed one

pdfTeX warning (dest): name{glo:abnt} has been referenced but does not exist, replaced by a fixed one

pdfTeX warning (dest): name{glo:ifsp} has been referenced but does not exist, replaced by a fixed one

{c:/texlive/2020/texmf-dist/fonts/enc/dvips/lm/lm-rm.enc}{c:/texlive/2020/texmf-dist/fonts/enc/dvips/lm/lm-ec.enc}{c:/texlive/2020/texmf-dist/fonts/enc/dvips/lm/lm-ts1.enc}{c:/texlive/2020/texmf-dist/fonts/enc/dvips/lm/lm-mathsy.enc}{c:/texlive/2020/texmf-dist/fonts/enc/dvips/lm/lm-mathit.enc}<c:/texlive/2020/texmf-dist/fonts/type1/public/amsfonts/cm/cmbx10.pfb><c:/texlive/2020/texmf-dist/fonts/type1/public/amsfonts/cm/cmbx12.pfb><c:/texlive/2020/texmf-dist/fonts/type1/public/amsfonts/cm/cmbx9.pfb><c:/texlive/2020/texmf-dist/fonts/type1/public/amsfonts/cm/cmcsc10.pfb><c:/texlive/2020/texmf-dist/fonts/type1/public/amsfonts/cm/cmmi12.pfb><c:/texlive/2020/texmf-dist/fonts/type1/public/amsfonts/cm/cmr10.pfb><c:/texlive/2020/texmf-dist/fonts/type1/public/amsfonts/cm/cmr12.pfb><c:/texlive/2020/texmf-dist/fonts/type1/public/amsfonts/cm/cmr17.pfb><c:/texlive/2020/texmf-dist/fonts/type1/public/amsfonts/cm/cmr6.pfb><c:/texlive/2020/texmf-dist/fonts/type1/public/amsfonts/cm/cmr7.pfb><c:/texlive/2020/texmf-dist/fonts/type1/public/amsfonts/cm/cmr8.pfb><c:/texlive/2020/texmf-dist/fonts/type1/public/amsfonts/cm/cmr9.pfb><c:/texlive/2020/texmf-dist/fonts/type1/public/amsfonts/cm/cmss17.pfb><c:/texlive/2020/texmf-dist/fonts/type1/public/amsfonts/cm/cmss8.pfb><c:/texlive/2020/texmf-dist/fonts/type1/public/amsfonts/cm/cmsy10.pfb><c:/texlive/2020/texmf-dist/fonts/type1/public/amsfonts/cm/cmsy6.pfb><c:/texlive/2020/texmf-dist/fonts/type1/public/amsfonts/cm/cmti10.pfb><c:/texlive/2020/texmf-dist/fonts/type1/public/amsfonts/cm/cmti8.pfb><c:/texlive/2020/texmf-dist/fonts/type1/public/amsfonts/cm/cmtt10.pfb><c:/texlive/2020/texmf-dist/fonts/type1/public/amsfonts/cm/cmtt12.pfb><c:/texlive/2020/texmf-dist/fonts/type1/public/amsfonts/cm/cmtt9.pfb><c:/texlive/2020/texmf-dist/fonts/type1/public/amsfonts/latxfont/line10.pfb><c:/texlive/2020/texmf-dist/fonts/type1/public/lm/lmbx10.pfb><c:/texlive/2020/texmf-dist/fonts/type1/public/lm/lmbx12.pfb><c:/texlive/2020/texmf-dist/fonts/type1/public/lm/lmmi12.pfb><c:/texlive/2020/texmf-dist/fonts/type1/public/lm/lmr10.pfb><c:/texlive/2020/texmf-dist/fonts/type1/public/lm/lmr12.pfb><c:/texlive/2020/texmf-dist/fonts/type1/public/lm/lmr7.pfb><c:/texlive/2020/texmf-dist/fonts/type1/public/lm/lmr8.pfb><c:/texlive/2020/texmf-dist/fonts/type1/public/lm/lmri10.pfb><c:/texlive/2020/texmf-dist/fonts/type1/public/lm/lmri12.pfb><c:/texlive/2020/texmf-dist/fonts/type1/public/lm/lmri7.pfb><c:/texlive/2020/texmf-dist/fonts/type1/public/lm/lmss12.pfb><c:/texlive/2020/texmf-dist/fonts/type1/public/lm/lmss17.pfb><c:/texlive/2020/texmf-dist/fonts/type1/public/lm/lmssbx10.pfb><c:/texlive/2020/texmf-dist/fonts/type1/public/lm/lmsy10.pfb>
Output written on main-texto-completo.pdf (67 pages, 974692 bytes).
PDF statistics:
 1040 PDF objects out of 1200 (max. 8388607)
 884 compressed objects within 9 object streams
 193 named destinations out of 1000 (max. 500000)
 30939 words of extra memory for PDF output out of 35830 (max. 10000000)

